#
# A fatal error has been detected by the Java Runtime Environment:
#
#  EXCEPTION_ACCESS_VIOLATION (0xc0000005) at pc=0x000007fd3c2d1355, pid=3956, tid=4744
#
# JRE version: 7.0_07-b11
# Java VM: Java HotSpot(TM) 64-Bit Server VM (23.3-b01 mixed mode windows-amd64 compressed oops)
# Problematic frame:
# C  [msvcrt.dll+0x1355]  free_dbg+0x5
#
# Failed to write core dump. Minidumps are not enabled by default on client versions of Windows
#
# If you would like to submit a bug report, please visit:
#   http://bugreport.sun.com/bugreport/crash.jsp
# The crash happened outside the Java Virtual Machine in native code.
# See problematic frame for where to report the bug.
#

---------------  T H R E A D  ---------------

Current thread (0x000000002dea6800):  JavaThread "Swing-Shell" daemon [_thread_in_native, id=4744, stack(0x000000002eaa0000,0x000000002eda0000)]

siginfo: ExceptionCode=0xc0000005, reading address 0x00000000000000c5

Registers:
RAX=0x00000000000000c5, RBX=0x000007fd3b04f9b0, RCX=0x00000000002c6e3c, RDX=0x000007fd3ad8d3d4
RSP=0x000000002ed9c568, RBP=0x000000002ed9c670, RSI=0x0000000080040111, RDI=0x0000000000000000
R8 =0x0000000000000010, R9 =0x0000000000000000, R10=0x00000000002c6e3c, R11=0x000007fd39c415f8
R12=0x000007fd3b04f9a0, R13=0x000000002ed9cb38, R14=0x00000000002c6e3c, R15=0x0000000000000000
RIP=0x000007fd3c2d1355, EFLAGS=0x0000000000010293

Top of Stack: (sp=0x000000002ed9c568)
0x000000002ed9c568:   000007fd3afe3b06 0000000000000002
0x000000002ed9c578:   000000002ed9c6c8 0000000000000900
0x000000002ed9c588:   000000002ed9c6c8 000000000000004e
0x000000002ed9c598:   000000002ed9c730 0000000100000000
0x000000002ed9c5a8:   000007fd3b058238 0000000000000401
0x000000002ed9c5b8:   0000000000000000 0000000000000000
0x000000002ed9c5c8:   000000002ed9c650 004600460044007b
0x000000002ed9c5d8:   0043004400430041 00370036002d0035
0x000000002ed9c5e8:   0034002d00460039 002d003600350031
0x000000002ed9c5f8:   0037003400390038 004300350043002d
0x000000002ed9c608:   0043004200360037 0037003600420030
0x000000002ed9c618:   00000000007d0046 00000000002b0000
0x000000002ed9c628:   000000002ed9c730 0000000000000000
0x000000002ed9c638:   000007fd3b0495f8 0000000000000027
0x000000002ed9c648:   000007fd3b01aa40 0000000000000001
0x000000002ed9c658:   0000000000008000 fffffffffffffffe 

Instructions: (pc=0x000007fd3c2d1355)
0x000007fd3c2d1335:   3a 04 0a 75 1b 48 ff c1 49 ff c8 f6 c1 07 75 ee
0x000007fd3c2d1345:   eb 87 cc 90 90 90 90 90 90 90 90 48 b8 60 81 91
0x000007fd3c2d1355:   0a 00 00 00 00 ff e0 90 90 90 90 90 90 90 90 48
0x000007fd3c2d1365:   b8 60 73 91 0a 00 00 00 00 ff e0 83 ec 20 48 83 


Register to memory mapping:

RAX=0x00000000000000c5 is an unknown value
RBX=0x000007fd3b04f9b0 is an unknown value
RCX=0x00000000002c6e3c is an unknown value
RDX=0x000007fd3ad8d3d4 is an unknown value
RSP=0x000000002ed9c568 is pointing into the stack for thread: 0x000000002dea6800
RBP=0x000000002ed9c670 is pointing into the stack for thread: 0x000000002dea6800
RSI=0x0000000080040111 is an unknown value
RDI=0x0000000000000000 is an unknown value
R8 =0x0000000000000010 is an unknown value
R9 =0x0000000000000000 is an unknown value
R10=0x00000000002c6e3c is an unknown value
R11=0x000007fd39c415f8 is an unknown value
R12=0x000007fd3b04f9a0 is an unknown value
R13=0x000000002ed9cb38 is pointing into the stack for thread: 0x000000002dea6800
R14=0x00000000002c6e3c is an unknown value
R15=0x0000000000000000 is an unknown value


Stack: [0x000000002eaa0000,0x000000002eda0000],  sp=0x000000002ed9c568,  free space=3057k
Native frames: (J=compiled Java code, j=interpreted, Vv=VM code, C=native code)
C  [msvcrt.dll+0x1355]  free_dbg+0x5

Java frames: (J=compiled Java code, j=interpreted, Vv=VM code)
j  sun.awt.shell.Win32ShellFolder2.getDisplayNameOf(JJI)Ljava/lang/String;+0
j  sun.awt.shell.Win32ShellFolder2.getFileSystemPath(JJ)Ljava/lang/String;+66
j  sun.awt.shell.Win32ShellFolder2.access$400(JJ)Ljava/lang/String;+2
j  sun.awt.shell.Win32ShellFolder2$10.call()Lsun/awt/shell/Win32ShellFolder2;+50
j  sun.awt.shell.Win32ShellFolder2$10.call()Ljava/lang/Object;+1
j  java.util.concurrent.FutureTask$Sync.innerRun()V+29
j  java.util.concurrent.FutureTask.run()V+4
j  java.util.concurrent.ThreadPoolExecutor.runWorker(Ljava/util/concurrent/ThreadPoolExecutor$Worker;)V+46
j  java.util.concurrent.ThreadPoolExecutor$Worker.run()V+5
j  sun.awt.shell.Win32ShellFolderManager2$ComInvoker$3.run()V+7
j  java.lang.Thread.run()V+11
v  ~StubRoutines::call_stub

---------------  P R O C E S S  ---------------

Java Threads: ( => current thread )
=>0x000000002dea6800 JavaThread "Swing-Shell" daemon [_thread_in_native, id=4744, stack(0x000000002eaa0000,0x000000002eda0000)]
  0x000000002bcf0800 JavaThread "HFileChooser Load File/Folder Choosers Thread" [_thread_blocked, id=4788, stack(0x000000002e7a0000,0x000000002eaa0000)]
  0x000000002d159000 JavaThread "Monitor File Timestamp" [_thread_blocked, id=1680, stack(0x000000002e4a0000,0x000000002e7a0000)]
  0x000000002b769800 JavaThread "Image Fetcher 2" daemon [_thread_blocked, id=2496, stack(0x000000002d4a0000,0x000000002d7a0000)]
  0x000000002b766000 JavaThread "Image Fetcher 1" daemon [_thread_blocked, id=1560, stack(0x000000002d1a0000,0x000000002d4a0000)]
  0x000000002b9ef800 JavaThread "Image Fetcher 0" daemon [_thread_blocked, id=3628, stack(0x000000002cba0000,0x000000002cea0000)]
  0x000000000568f800 JavaThread "AWT-EventQueue-1" [_thread_in_vm, id=4552, stack(0x000000002c4a0000,0x000000002c7a0000)]
  0x0000000005671000 JavaThread "Process Messages" [_thread_blocked, id=32, stack(0x000000002c1a0000,0x000000002c4a0000)]
  0x000000000567d000 JavaThread "Thread-3" [_thread_blocked, id=4964, stack(0x0000000003bc0000,0x0000000004fc0000)]
  0x000000002bc57000 JavaThread "AWT-EventQueue-0" [_thread_blocked, id=5020, stack(0x000000002bda0000,0x000000002c0a0000)]
  0x0000000029d6c800 JavaThread "AWT-Windows" daemon [_thread_in_native, id=2440, stack(0x000000002a450000,0x000000002a750000)]
  0x0000000029d6d800 JavaThread "AWT-Shutdown" [_thread_blocked, id=808, stack(0x000000002a150000,0x000000002a450000)]
  0x0000000029841000 JavaThread "Java2D Disposer" daemon [_thread_blocked, id=3896, stack(0x0000000029e50000,0x000000002a150000)]
  0x00000000297fb800 JavaThread "TimerQueue" daemon [_thread_blocked, id=1848, stack(0x0000000029a50000,0x0000000029d50000)]
  0x0000000026dc4800 JavaThread "Service Thread" daemon [_thread_blocked, id=3380, stack(0x00000000282a0000,0x00000000285a0000)]
  0x0000000026dc5800 JavaThread "C1 CompilerThread2" daemon [_thread_blocked, id=3616, stack(0x00000000281a0000,0x00000000282a0000)]
  0x0000000022231000 JavaThread "C2 CompilerThread1" daemon [_thread_blocked, id=2608, stack(0x00000000280a0000,0x00000000281a0000)]
  0x0000000026db1800 JavaThread "C2 CompilerThread0" daemon [_thread_blocked, id=4736, stack(0x0000000027fa0000,0x00000000280a0000)]
  0x0000000022251800 JavaThread "Attach Listener" daemon [_thread_blocked, id=1008, stack(0x0000000027ca0000,0x0000000027fa0000)]
  0x00000000272f2000 JavaThread "Signal Dispatcher" daemon [_thread_blocked, id=1384, stack(0x00000000279a0000,0x0000000027ca0000)]
  0x00000000272f4000 JavaThread "Surrogate Locker Thread (Concurrent GC)" daemon [_thread_blocked, id=3696, stack(0x00000000276a0000,0x00000000279a0000)]
  0x0000000022257800 JavaThread "Finalizer" daemon [_thread_blocked, id=3804, stack(0x00000000273a0000,0x00000000276a0000)]
  0x0000000022241800 JavaThread "Reference Handler" daemon [_thread_blocked, id=3728, stack(0x0000000026fa0000,0x00000000272a0000)]
  0x000000001b10b000 JavaThread "main" [_thread_blocked, id=4604, stack(0x000000001b2c0000,0x000000001b3c0000)]

Other Threads:
  0x0000000022202000 VMThread [stack: 0x0000000026ea0000,0x0000000026fa0000] [id=800]
  0x0000000026e40800 WatcherThread [stack: 0x00000000285a0000,0x00000000286a0000] [id=3964]

VM state:not at safepoint (normal execution)

VM Mutex/Monitor currently owned by a thread: None

Heap
 par new generation   total 55296K, used 16084K [0x0000000778000000, 0x000000077bc00000, 0x000000077bc00000)
  eden space 49152K,  20% used [0x0000000778000000, 0x00000007789b5188, 0x000000077b000000)
  from space 6144K, 100% used [0x000000077b000000, 0x000000077b600000, 0x000000077b600000)
  to   space 6144K,   0% used [0x000000077b600000, 0x000000077b600000, 0x000000077bc00000)
 concurrent mark-sweep generation total 69632K, used 12154K [0x000000077bc00000, 0x0000000780000000, 0x00000007f8000000)
 concurrent-mark-sweep perm gen total 131072K, used 25841K [0x00000007f8000000, 0x0000000800000000, 0x0000000800000000)

Card table byte_map: [0x0000000021960000,0x0000000021db0000] byte_map_base: 0x000000001dda0000

Polling page: 0x000000001b3c0000

Code Cache  [0x000000001b3e0000, 0x000000001b9c0000, 0x00000000213e0000)
 total_blobs=2095 nmethods=1518 adapters=493 free_code_cache=92524Kb largest_free_block=94530112

Compilation events (10 events):
Event: 1.508 Thread 0x0000000026db1800 1777   !   4       javax.swing.UIDefaults::getFromHashtable (239 bytes)
Event: 1.508 Thread 0x0000000026dc5800 1776       3       javax.swing.UIDefaults$TextAndMnemonicHashMap::get (358 bytes)
Event: 1.508 Thread 0x0000000022231000 1778       4       javax.swing.UIDefaults::get (21 bytes)
Event: 1.513 Thread 0x0000000026db1800 nmethod 1777 0x000000001b9492d0 code [0x000000001b9494a0, 0x000000001b94a1f0]
Event: 1.514 Thread 0x0000000026db1800 1780       4       java.lang.String::endsWith (17 bytes)
Event: 1.514 Thread 0x0000000026dc5800 nmethod 1776 0x000000001b7c1e10 code [0x000000001b7c2780, 0x000000001b7c9958]
Event: 1.514 Thread 0x0000000026dc5800 1775       3       sun.awt.image.IntegerInterleavedRaster::setDataElements (94 bytes)
Event: 1.514 Thread 0x0000000026dc5800 nmethod 1775 0x000000001b520850 code [0x000000001b520a00, 0x000000001b5210a8]
Event: 1.516 Thread 0x0000000026db1800 nmethod 1780 0x000000001b7c1910 code [0x000000001b7c1a60, 0x000000001b7c1c18]
Event: 1.517 Thread 0x0000000022231000 nmethod 1778 0x000000001b8a7350 code [0x000000001b8a7560, 0x000000001b8a8960]

GC Heap History (4 events):
Event: 0.625 GC heap before
{Heap before GC invocations=0 (full 0):
 par new generation   total 55296K, used 49152K [0x0000000778000000, 0x000000077bc00000, 0x000000077bc00000)
  eden space 49152K, 100% used [0x0000000778000000, 0x000000077b000000, 0x000000077b000000)
  from space 6144K,   0% used [0x000000077b000000, 0x000000077b000000, 0x000000077b600000)
  to   space 6144K,   0% used [0x000000077b600000, 0x000000077b600000, 0x000000077bc00000)
 concurrent mark-sweep generation total 69632K, used 0K [0x000000077bc00000, 0x0000000780000000, 0x00000007f8000000)
 concurrent-mark-sweep perm gen total 131072K, used 13115K [0x00000007f8000000, 0x0000000800000000, 0x0000000800000000)
Event: 0.633 GC heap after
Heap after GC invocations=1 (full 0):
 par new generation   total 55296K, used 6144K [0x0000000778000000, 0x000000077bc00000, 0x000000077bc00000)
  eden space 49152K,   0% used [0x0000000778000000, 0x0000000778000000, 0x000000077b000000)
  from space 6144K, 100% used [0x000000077b600000, 0x000000077bc00000, 0x000000077bc00000)
  to   space 6144K,   0% used [0x000000077b000000, 0x000000077b000000, 0x000000077b600000)
 concurrent mark-sweep generation total 69632K, used 734K [0x000000077bc00000, 0x0000000780000000, 0x00000007f8000000)
 concurrent-mark-sweep perm gen total 131072K, used 13115K [0x00000007f8000000, 0x0000000800000000, 0x0000000800000000)
}
Event: 1.337 GC heap before
{Heap before GC invocations=1 (full 0):
 par new generation   total 55296K, used 55296K [0x0000000778000000, 0x000000077bc00000, 0x000000077bc00000)
  eden space 49152K, 100% used [0x0000000778000000, 0x000000077b000000, 0x000000077b000000)
  from space 6144K, 100% used [0x000000077b600000, 0x000000077bc00000, 0x000000077bc00000)
  to   space 6144K,   0% used [0x000000077b000000, 0x000000077b000000, 0x000000077b600000)
 concurrent mark-sweep generation total 69632K, used 734K [0x000000077bc00000, 0x0000000780000000, 0x00000007f8000000)
 concurrent-mark-sweep perm gen total 131072K, used 23104K [0x00000007f8000000, 0x0000000800000000, 0x0000000800000000)
Event: 1.370 GC heap after
Heap after GC invocations=2 (full 0):
 par new generation   total 55296K, used 6144K [0x0000000778000000, 0x000000077bc00000, 0x000000077bc00000)
  eden space 49152K,   0% used [0x0000000778000000, 0x0000000778000000, 0x000000077b000000)
  from space 6144K, 100% used [0x000000077b000000, 0x000000077b600000, 0x000000077b600000)
  to   space 6144K,   0% used [0x000000077b600000, 0x000000077b600000, 0x000000077bc00000)
 concurrent mark-sweep generation total 69632K, used 12154K [0x000000077bc00000, 0x0000000780000000, 0x00000007f8000000)
 concurrent-mark-sweep perm gen total 131072K, used 23104K [0x00000007f8000000, 0x0000000800000000, 0x0000000800000000)
}

Deoptimization events (10 events):
Event: 1.455 Thread 0x000000000568f800 Uncommon trap -83 fr.pc 0x000000001b522d94
Event: 1.468 Thread 0x000000000568f800 Uncommon trap -34 fr.pc 0x000000001b664248
Event: 1.477 Thread 0x000000000568f800 Uncommon trap -34 fr.pc 0x000000001b99cb00
Event: 1.496 Thread 0x000000002bcf0800 Uncommon trap -83 fr.pc 0x000000001b93efbc
Event: 1.499 Thread 0x000000002bcf0800 Uncommon trap -58 fr.pc 0x000000001b80d7dc
Event: 1.500 Thread 0x000000002bcf0800 Uncommon trap -58 fr.pc 0x000000001b80d7dc
Event: 1.500 Thread 0x000000002bcf0800 Uncommon trap -58 fr.pc 0x000000001b80d7dc
Event: 1.501 Thread 0x000000002bcf0800 Uncommon trap -58 fr.pc 0x000000001b80d7dc
Event: 1.501 Thread 0x000000002bcf0800 Uncommon trap -58 fr.pc 0x000000001b7fa050
Event: 1.515 Thread 0x000000002bcf0800 Uncommon trap 668 fr.pc 0x000000001b929568

Internal exceptions (10 events):
Event: 1.491 Thread 0x000000000568f800 Threw 0x0000000778747d78 at C:\jdk7u1_64p\jdk7u7\hotspot\src\share\vm\prims\jvm.cpp:1166
Event: 1.492 Thread 0x000000000568f800 Threw 0x00000007787538e8 at C:\jdk7u1_64p\jdk7u7\hotspot\src\share\vm\prims\jvm.cpp:1166
Event: 1.492 Thread 0x000000000568f800 Threw 0x0000000778757fb8 at C:\jdk7u1_64p\jdk7u7\hotspot\src\share\vm\prims\jvm.cpp:1166
Event: 1.493 Thread 0x000000000568f800 Threw 0x000000077876d4b0 at C:\jdk7u1_64p\jdk7u7\hotspot\src\share\vm\prims\jvm.cpp:1166
Event: 1.494 Thread 0x000000000568f800 Threw 0x0000000778773a98 at C:\jdk7u1_64p\jdk7u7\hotspot\src\share\vm\prims\jvm.cpp:1166
Event: 1.494 Thread 0x000000002bcf0800 Threw 0x000000077871e0a0 at C:\jdk7u1_64p\jdk7u7\hotspot\src\share\vm\prims\jvm.cpp:1166
Event: 1.495 Thread 0x000000000568f800 Threw 0x000000077877f598 at C:\jdk7u1_64p\jdk7u7\hotspot\src\share\vm\prims\jvm.cpp:1166
Event: 1.495 Thread 0x000000002bcf0800 Threw 0x00000007787220f8 at C:\jdk7u1_64p\jdk7u7\hotspot\src\share\vm\prims\jvm.cpp:1166
Event: 1.498 Thread 0x000000002bcf0800 Threw 0x00000007787c9860 at C:\jdk7u1_64p\jdk7u7\hotspot\src\share\vm\prims\jvm.cpp:1166
Event: 1.498 Thread 0x000000002bcf0800 Threw 0x00000007787cbff0 at C:\jdk7u1_64p\jdk7u7\hotspot\src\share\vm\prims\jvm.cpp:1166

Events (10 events):
Event: 1.520 loading class 0x0000000027312b70
Event: 1.521 loading class 0x0000000027312b70 done
Event: 1.521 loading class 0x0000000027312cc0
Event: 1.521 loading class 0x0000000027312cc0 done
Event: 1.522 loading class 0x0000000027312d20
Event: 1.522 loading class 0x0000000027312d20 done
Event: 1.523 loading class 0x0000000027312b10
Event: 1.523 loading class 0x0000000027312b10 done
Event: 1.523 loading class 0x0000000027312de0
Event: 1.523 loading class 0x0000000027312de0 done


Dynamic libraries:
0x0000000140000000 - 0x000000014000e000 	F:\Xilinx\14.4\ISE_DS\PlanAhead\bin\unwrapped\win64.o\planAhead.exe
0x000007fd3c390000 - 0x000007fd3c54d000 	C:\Windows\SYSTEM32\ntdll.dll
0x000007fd3ad40000 - 0x000007fd3ae77000 	C:\Windows\system32\KERNEL32.DLL
0x000007fd39550000 - 0x000007fd39644000 	C:\Windows\system32\KERNELBASE.dll
0x000000000a900000 - 0x000000000a945000 	F:\Xilinx\14.4\ISE_DS\PlanAhead\lib\win64.o\SHSMP64.dll
0x0000000180000000 - 0x0000000180013000 	F:\Xilinx\14.4\ISE_DS\PlanAhead\lib\win64.o\libboost_signals.dll
0x0000000000330000 - 0x0000000000bb1000 	F:\Xilinx\14.4\ISE_DS\PlanAhead\lib\win64.o\librdi_common.dll
0x00000000001f0000 - 0x0000000000206000 	F:\Xilinx\14.4\ISE_DS\PlanAhead\lib\win64.o\librdi_commonmain.dll
0x0000000000bc0000 - 0x0000000000cae000 	F:\Xilinx\14.4\ISE_DS\PlanAhead\lib\win64.o\stlport.5.2.dll
0x0000000066340000 - 0x00000000663e3000 	C:\Windows\WinSxS\amd64_microsoft.vc90.crt_1fc8b3b9a1e18e3b_9.0.30729.6871_none_08e717a5a83adddf\MSVCR90.dll
0x000007fd3aa20000 - 0x000007fd3ab6c000 	C:\Windows\system32\USER32.dll
0x000007fd3a940000 - 0x000007fd3aa1e000 	C:\Windows\system32\ADVAPI32.dll
0x000007fd33220000 - 0x000007fd33229000 	C:\Windows\SYSTEM32\VERSION.dll
0x0000000000cf0000 - 0x0000000000fd9000 	F:\Xilinx\14.4\ISE_DS\PlanAhead\lib\win64.o\libCOIN-all.dll
0x0000000000fe0000 - 0x0000000001195000 	F:\Xilinx\14.4\ISE_DS\PlanAhead\lib\win64.o\libSecurity.dll
0x0000000000220000 - 0x000000000022f000 	F:\Xilinx\14.4\ISE_DS\PlanAhead\lib\win64.o\libboost_date_time.dll
0x00000000011a0000 - 0x00000000011c7000 	F:\Xilinx\14.4\ISE_DS\PlanAhead\lib\win64.o\libboost_filesystem.dll
0x00000000011d0000 - 0x0000000001241000 	F:\Xilinx\14.4\ISE_DS\PlanAhead\lib\win64.o\libboost_program_options.dll
0x0000000001250000 - 0x00000000012ff000 	F:\Xilinx\14.4\ISE_DS\PlanAhead\lib\win64.o\libboost_regex.dll
0x0000000001300000 - 0x0000000001309000 	F:\Xilinx\14.4\ISE_DS\PlanAhead\lib\win64.o\libboost_system.dll
0x0000000001310000 - 0x0000000001326000 	F:\Xilinx\14.4\ISE_DS\PlanAhead\lib\win64.o\libboost_thread.dll
0x0000000001330000 - 0x0000000001373000 	F:\Xilinx\14.4\ISE_DS\PlanAhead\lib\win64.o\libcurl.dll
0x0000000001380000 - 0x0000000001403000 	F:\Xilinx\14.4\ISE_DS\PlanAhead\lib\win64.o\libhdlpsolve.dll
0x0000000001410000 - 0x00000000014c7000 	F:\Xilinx\14.4\ISE_DS\PlanAhead\lib\win64.o\libhdxml.dll
0x00000000014d0000 - 0x0000000001a130d3 	F:\Xilinx\14.4\ISE_DS\PlanAhead\lib\win64.o\libisl_iostreams.dll
0x0000000001a20000 - 0x0000000001a49000 	F:\Xilinx\14.4\ISE_DS\PlanAhead\lib\win64.o\libisl_sysinfo.dll
0x0000000065b00000 - 0x000000006621f000 	F:\Xilinx\14.4\ISE_DS\PlanAhead\tps\win64\jre\bin\server\jvm.dll
0x0000000001a50000 - 0x0000000001a62000 	F:\Xilinx\14.4\ISE_DS\PlanAhead\lib\win64.o\pthreadVC.dll
0x0000000001a70000 - 0x0000000001a86000 	F:\Xilinx\14.4\ISE_DS\PlanAhead\lib\win64.o\librdiconfig.dll
0x0000000001a90000 - 0x0000000001aae000 	F:\Xilinx\14.4\ISE_DS\PlanAhead\lib\win64.o\librdizlib.dll
0x0000000010000000 - 0x000000001012a000 	F:\Xilinx\14.4\ISE_DS\PlanAhead\lib\win64.o\tcl85t.dll
0x0000000012000000 - 0x0000000012282000 	F:\Xilinx\14.4\ISE_DS\PlanAhead\lib\win64.o\xerces-c_3_1.dll
0x000007fd3c380000 - 0x000007fd3c387000 	C:\Windows\system32\PSAPI.DLL
0x000007fd3a1a0000 - 0x000007fd3a3cc000 	C:\Windows\system32\WININET.dll
0x000007fd33830000 - 0x000007fd338e1000 	C:\Windows\SYSTEM32\WINHTTP.dll
0x000007fd39a50000 - 0x000007fd39bb4000 	C:\Windows\system32\urlmon.dll
0x000007fd32c60000 - 0x000007fd32c69000 	C:\Windows\SYSTEM32\WSOCK32.dll
0x0000000066260000 - 0x0000000066333000 	C:\Windows\WinSxS\amd64_microsoft.vc90.crt_1fc8b3b9a1e18e3b_9.0.30729.6871_none_08e717a5a83adddf\MSVCP90.dll
0x000007fd3afe0000 - 0x000007fd3c2c5000 	C:\Windows\system32\SHELL32.dll
0x000007fd3ae90000 - 0x000007fd3afd1000 	C:\Windows\system32\GDI32.dll
0x000007fd3c2d0000 - 0x000007fd3c375000 	C:\Windows\system32\msvcrt.dll
0x000007fd3a560000 - 0x000007fd3a5a8000 	C:\Windows\SYSTEM32\sechost.dll
0x000007fd398e0000 - 0x000007fd39a25000 	C:\Windows\system32\RPCRT4.dll
0x000007fd35c20000 - 0x000007fd35c35000 	C:\Windows\SYSTEM32\NETAPI32.dll
0x000007fd397c0000 - 0x000007fd39861000 	C:\Windows\system32\COMDLG32.dll
0x000007fd2deb0000 - 0x000007fd2df54000 	C:\Windows\WinSxS\amd64_microsoft.windows.common-controls_6595b64144ccf1df_5.82.9200.17359_none_776323af3178557f\COMCTL32.dll
0x0000000001b50000 - 0x0000000001b5c000 	F:\Xilinx\14.4\ISE_DS\PlanAhead\lib\win64.o\libboost_chrono.dll
0x000007fd39760000 - 0x000007fd397b8000 	C:\Windows\system32\WS2_32.dll
0x000007fd39bd0000 - 0x000007fd39c2e000 	C:\Windows\system32\WLDAP32.dll
0x0000000001b90000 - 0x0000000001ba9000 	F:\Xilinx\14.4\ISE_DS\PlanAhead\lib\win64.o\libboost_iostreams.dll
0x000007fd2f1f0000 - 0x000007fd2f210000 	C:\Windows\SYSTEM32\WINMM.dll
0x0000000065a20000 - 0x0000000065af2000 	C:\Windows\SYSTEM32\MSVCR100.dll
0x000007fd39c80000 - 0x000007fd39f0e000 	C:\Windows\system32\iertutil.dll
0x000007fd39350000 - 0x000007fd3936f000 	C:\Windows\system32\USERENV.dll
0x000007fd39f50000 - 0x000007fd3a100000 	C:\Windows\SYSTEM32\combase.dll
0x000007fd3a3d0000 - 0x000007fd3a54e000 	C:\Windows\system32\ole32.dll
0x000007fd39c30000 - 0x000007fd39c80000 	C:\Windows\system32\SHLWAPI.dll
0x000007fd38530000 - 0x000007fd3853e000 	C:\Windows\SYSTEM32\netutils.dll
0x000007fd38dc0000 - 0x000007fd38de4000 	C:\Windows\SYSTEM32\srvcli.dll
0x000007fd35be0000 - 0x000007fd35bf5000 	C:\Windows\SYSTEM32\wkscli.dll
0x000007fd3a550000 - 0x000007fd3a559000 	C:\Windows\system32\NSI.dll
0x000007fd2f1b0000 - 0x000007fd2f1e3000 	C:\Windows\SYSTEM32\WINMMBASE.dll
0x000007fd392b0000 - 0x000007fd392c5000 	C:\Windows\system32\profapi.dll
0x000007fd392d0000 - 0x000007fd3931f000 	C:\Windows\SYSTEM32\cfgmgr32.dll
0x000007fd39320000 - 0x000007fd39342000 	C:\Windows\system32\DEVOBJ.dll
0x000007fd379b0000 - 0x000007fd37a46000 	C:\Windows\SYSTEM32\SHCORE.DLL
0x000007fd39f10000 - 0x000007fd39f49000 	C:\Windows\system32\IMM32.DLL
0x000007fd3a680000 - 0x000007fd3a795000 	C:\Windows\system32\MSCTF.dll
0x0000000004fc0000 - 0x00000000052b3000 	F:\Xilinx\14.4\ISE_DS\PlanAhead\lib\win64.o\librdi_commontasks.dll
0x0000000006cc0000 - 0x00000000072fc000 	F:\Xilinx\14.4\ISE_DS\PlanAhead\lib\win64.o\librdi_coretasks.dll
0x0000000007300000 - 0x00000000074c7000 	F:\Xilinx\14.4\ISE_DS\PlanAhead\lib\win64.o\librdi_chipscope.dll
0x00000000074d0000 - 0x00000000084ed000 	F:\Xilinx\14.4\ISE_DS\PlanAhead\lib\win64.o\librdi_constraints.dll
0x00000000084f0000 - 0x00000000097bc000 	F:\Xilinx\14.4\ISE_DS\PlanAhead\lib\win64.o\librdi_coregen.dll
0x000000000a950000 - 0x000000000df9f000 	F:\Xilinx\14.4\ISE_DS\PlanAhead\lib\win64.o\librdi_designutils.dll
0x00000000097c0000 - 0x000000000a396000 	F:\Xilinx\14.4\ISE_DS\PlanAhead\lib\win64.o\librdi_device.dll
0x000000000a3a0000 - 0x000000000a6b4000 	F:\Xilinx\14.4\ISE_DS\PlanAhead\lib\win64.o\librdi_drc.dll
0x000000000dfa0000 - 0x000000000e22d000 	F:\Xilinx\14.4\ISE_DS\PlanAhead\lib\win64.o\librdi_filemgmt.dll
0x000000000e230000 - 0x000000000e606000 	F:\Xilinx\14.4\ISE_DS\PlanAhead\lib\win64.o\librdi_netlist.dll
0x000000000e610000 - 0x000000000f733000 	F:\Xilinx\14.4\ISE_DS\PlanAhead\lib\win64.o\librdi_place.dll
0x000000000f740000 - 0x000000000fc62000 	F:\Xilinx\14.4\ISE_DS\PlanAhead\lib\win64.o\librdi_power.dll
0x0000000010130000 - 0x00000000104e2000 	F:\Xilinx\14.4\ISE_DS\PlanAhead\lib\win64.o\librdi_project.dll
0x00000000104f0000 - 0x0000000010a8d000 	F:\Xilinx\14.4\ISE_DS\PlanAhead\lib\win64.o\librdi_rsb.dll
0x0000000010a90000 - 0x0000000010e88000 	F:\Xilinx\14.4\ISE_DS\PlanAhead\lib\win64.o\librdi_runs.dll
0x0000000010e90000 - 0x0000000011968000 	F:\Xilinx\14.4\ISE_DS\PlanAhead\lib\win64.o\librdi_timing.dll
0x000000000a6c0000 - 0x000000000a72e000 	F:\Xilinx\14.4\ISE_DS\PlanAhead\lib\win64.o\liblmx6.0.dll
0x0000000003550000 - 0x0000000003558000 	F:\Xilinx\14.4\ISE_DS\PlanAhead\lib\win64.o\libpsta_dllwrapper.dll
0x0000000012290000 - 0x0000000012a5f000 	F:\Xilinx\14.4\ISE_DS\PlanAhead\lib\win64.o\librdi_coregenipxact.dll
0x0000000012a60000 - 0x0000000013200000 	F:\Xilinx\14.4\ISE_DS\PlanAhead\lib\win64.o\libverific.dll
0x000000000a750000 - 0x000000000a7cd000 	F:\Xilinx\14.4\ISE_DS\PlanAhead\lib\win64.o\libboost_serialization.dll
0x0000000011970000 - 0x0000000011eb4000 	F:\Xilinx\14.4\ISE_DS\PlanAhead\lib\win64.o\librdi_xdm.dll
0x000000000a820000 - 0x000000000a8b0000 	F:\Xilinx\14.4\ISE_DS\PlanAhead\lib\win64.o\libise.dll
0x0000000013200000 - 0x00000000137dc000 	F:\Xilinx\14.4\ISE_DS\PlanAhead\lib\win64.o\librdi_abc_nomp.dll
0x000000000fc70000 - 0x000000000fd98000 	F:\Xilinx\14.4\ISE_DS\PlanAhead\lib\win64.o\librdi_dlyest.dll
0x000000000a8b0000 - 0x000000000a8ca000 	F:\Xilinx\14.4\ISE_DS\PlanAhead\lib\win64.o\librdi_hmetis.dll
0x0000000065a00000 - 0x0000000065a11000 	C:\Windows\WinSxS\amd64_microsoft.vc90.openmp_1fc8b3b9a1e18e3b_9.0.30729.6161_none_390d35aa0a1f21f9\VCOMP90.DLL
0x00000000137e0000 - 0x0000000013dce000 	F:\Xilinx\14.4\ISE_DS\PlanAhead\lib\win64.o\librdi_route.dll
0x000000000fda0000 - 0x000000000ffca000 	F:\Xilinx\14.4\ISE_DS\PlanAhead\lib\win64.o\librdi_labtools.dll
0x0000000013dd0000 - 0x000000001430b000 	F:\Xilinx\14.4\ISE_DS\PlanAhead\lib\win64.o\librdi_memdata.dll
0x0000000014310000 - 0x0000000015a3f000 	F:\Xilinx\14.4\ISE_DS\PlanAhead\lib\win64.o\librdi_synth.dll
0x0000000015a40000 - 0x0000000015e7e000 	F:\Xilinx\14.4\ISE_DS\PlanAhead\lib\win64.o\librdi_ip.dll
0x0000000011f70000 - 0x0000000011fad000 	F:\Xilinx\14.4\ISE_DS\PlanAhead\lib\win64.o\librdi_simbridge_kernel.dll
0x0000000015e80000 - 0x00000000162f6000 	F:\Xilinx\14.4\ISE_DS\PlanAhead\lib\win64.o\librdi_wavedata.dll
0x0000000017800000 - 0x00000000198b8000 	F:\Xilinx\14.4\ISE_DS\PlanAhead\lib\win64.o\librdi_tcltasks.dll
0x00000000198d0000 - 0x0000000019b44000 	F:\Xilinx\14.4\ISE_DS\PlanAhead\lib\win64.o\librdi_bitstream.dll
0x0000000019b50000 - 0x0000000019c24000 	F:\Xilinx\14.4\ISE_DS\PlanAhead\lib\win64.o\librdi_dsp.dll
0x0000000019c30000 - 0x0000000019c9e000 	F:\Xilinx\14.4\ISE_DS\PlanAhead\lib\win64.o\librdi_edk.dll
0x0000000019ca0000 - 0x0000000019eae000 	F:\Xilinx\14.4\ISE_DS\PlanAhead\lib\win64.o\librdi_simdata.dll
0x000000001a0f0000 - 0x000000001a246000 	F:\Xilinx\14.4\ISE_DS\PlanAhead\lib\win64.o\librdi_planaheadtasks.dll
0x000000001a260000 - 0x000000001b0a8000 	F:\Xilinx\14.4\ISE_DS\PlanAhead\lib\win64.o\librdi_ipservicestasks.dll
0x00000000659f0000 - 0x00000000659ff000 	F:\Xilinx\14.4\ISE_DS\PlanAhead\tps\win64\jre\bin\verify.dll
0x00000000659c0000 - 0x00000000659e8000 	F:\Xilinx\14.4\ISE_DS\PlanAhead\tps\win64\jre\bin\java.dll
0x00000000659a0000 - 0x00000000659b5000 	F:\Xilinx\14.4\ISE_DS\PlanAhead\tps\win64\jre\bin\zip.dll
0x0000000065980000 - 0x0000000065999000 	F:\Xilinx\14.4\ISE_DS\PlanAhead\tps\win64\jre\bin\net.dll
0x000007fd38a50000 - 0x000007fd38aac000 	C:\Windows\system32\mswsock.dll
0x0000000065960000 - 0x0000000065971000 	F:\Xilinx\14.4\ISE_DS\PlanAhead\tps\win64\jre\bin\nio.dll
0x00000000289a0000 - 0x0000000028c86000 	F:\Xilinx\14.4\ISE_DS\PlanAhead\lib\win64.o\librdi_fed.dll
0x0000000028ca0000 - 0x0000000028f01000 	F:\Xilinx\14.4\ISE_DS\PlanAhead\lib\win64.o\librdi_guitools.dll
0x0000000028f20000 - 0x0000000028f27000 	F:\Xilinx\14.4\ISE_DS\PlanAhead\lib\win64.o\librdi_commonx11.dll
0x0000000028f40000 - 0x000000002932e000 	F:\Xilinx\14.4\ISE_DS\PlanAhead\lib\win64.o\librdi_rsbtasks.dll
0x0000000029340000 - 0x0000000029589000 	F:\Xilinx\14.4\ISE_DS\PlanAhead\lib\win64.o\librdi_labtoolstasks.dll
0x00000000295a0000 - 0x0000000029758000 	F:\Xilinx\14.4\ISE_DS\PlanAhead\lib\win64.o\librdi_simtcltasks.dll
0x00000000657c0000 - 0x0000000065953000 	F:\Xilinx\14.4\ISE_DS\PlanAhead\tps\win64\jre\bin\awt.dll
0x000007fd3a5b0000 - 0x000007fd3a673000 	C:\Windows\system32\OLEAUT32.dll
0x000007fd33d00000 - 0x000007fd33d9e000 	C:\Windows\system32\apphelp.dll
0x000007fd380a0000 - 0x000007fd38186000 	C:\Windows\system32\uxtheme.dll
0x000007fd377c0000 - 0x000007fd377e1000 	C:\Windows\SYSTEM32\dwmapi.dll
0x000007fd39040000 - 0x000007fd3904a000 	C:\Windows\SYSTEM32\CRYPTBASE.dll
0x000007fd38fe0000 - 0x000007fd3903c000 	C:\Windows\SYSTEM32\bcryptPrimitives.dll

VM Arguments:
jvm_args: -Dsun.java2d.pmoffscreen=false -Xverify:none -Dswing.aatext=true -XX:-UsePerfData -Djdk.map.althashing.threshold=512 -XX:PermSize=128m -XX:MaxPermSize=128m -XX:NewSize=60m -XX:MaxNewSize=60m -XX:+UseConcMarkSweepGC -XX:+UseParNewGC -XX:+CMSParallelRemarkEnabled -XX:+CMSScavengeBeforeRemark -XX:+UseNUMA -XX:+AggressiveOpts -XX:+UseFastAccessorMethods -XX:+UseFastEmptyMethods -XX:+UseBiasedLocking -XX:+TieredCompilation -Xms128m -Xmx2048m -Xss3m 
java_command: <unknown>
Launcher Type: generic

Environment Variables:
PATH=F:/Xilinx/14.4/ISE_DS/PlanAhead/bin;F:/Xilinx/14.4/ISE_DS/PlanAhead/lib/win64.o;F:/Xilinx/14.4/ISE_DS/PlanAhead/tps/win64/jre/bin/server;F:/Xilinx/14.4/ISE_DS/PlanAhead/tps/win64/jre/bin;F:/Xilinx/14.4/ISE_DS/EDK/bin/nt64;F:/Xilinx/14.4/ISE_DS/EDK/lib/nt64;F:/Xilinx/14.4/ISE_DS/ISE/bin/nt64;F:/Xilinx/14.4/ISE_DS/ISE/lib/nt64;F:/Xilinx/14.4/ISE_DS/common/bin/nt64;F:/Xilinx/14.4/ISE_DS/common/lib/nt64;f:\Xilinx\14.4\ISE_DS\ISE\\lib\nt;f:\Xilinx\14.4\ISE_DS\ISE\\bin\nt;F:\Xilinx\Vivado_HLS\2012.4\bin;F:\Xilinx\14.4\ISE_DS\ISE\bin\nt64;F:\Xilinx\14.4\ISE_DS\ISE\lib\nt64;F:\Xilinx\14.4\ISE_DS\ISE\..\..\..\DocNav;F:\Xilinx\Vivado\2012.4\bin;F:\Xilinx\14.4\ISE_DS\PlanAhead\bin;F:\Xilinx\14.4\ISE_DS\EDK\bin\nt64;F:\Xilinx\14.4\ISE_DS\EDK\lib\nt64;F:\Xilinx\14.4\ISE_DS\EDK\gnu\microblaze\nt64\bin;F:\Xilinx\14.4\ISE_DS\EDK\gnu\powerpc-eabi\nt64\bin;F:\Xilinx\14.4\ISE_DS\EDK\gnuwin\bin;F:\Xilinx\14.4\ISE_DS\EDK\gnu\arm\nt\bin;F:\Xilinx\14.4\ISE_DS\EDK\gnu\microblaze\linux_toolchain\nt64_be\bin;F:\Xilinx\14.4\ISE_DS\EDK\gnu\microblaze\linux_toolchain\nt64_le\bin;F:\Xilinx\14.4\ISE_DS\common\bin\nt64;F:\Xilinx\14.4\ISE_DS\common\lib\nt64;C:\Windows\system32;C:\Windows;C:\Windows\System32\Wbem;C:\Windows\System32\WindowsPowerShell\v1.0\
USERNAME=shiki
OS=Windows_NT
PROCESSOR_IDENTIFIER=Intel64 Family 6 Model 58 Stepping 9, GenuineIntel



---------------  S Y S T E M  ---------------

OS: Windows 8 , 64 bit Build 9200 

CPU:total 4 (4 cores per cpu, 1 threads per core) family 6 model 58 stepping 9, cmov, cx8, fxsr, mmx, sse, sse2, sse3, ssse3, sse4.1, sse4.2, popcnt, avx, tsc, tscinvbit, tscinv

Memory: 4k page, physical 3874784k(2386096k free), swap 5921772k(3898820k free)

vm_info: Java HotSpot(TM) 64-Bit Server VM (23.3-b01) for windows-amd64 JRE (1.7.0_07-b11), built on Sep  7 2012 01:19:25 by "java_re" with unknown MS VC++:1600

time: Thu Jul 09 03:37:40 2015
elapsed time: 1 seconds

