Release 14.4 - xst P.49d (nt64)
Copyright (c) 1995-2012 Xilinx, Inc.  All rights reserved.
--> Parameter TMPDIR set to xst/projnav.tmp


Total REAL time to Xst completion: 0.00 secs
Total CPU time to Xst completion: 0.09 secs
 
--> Parameter xsthdpdir set to xst


Total REAL time to Xst completion: 0.00 secs
Total CPU time to Xst completion: 0.09 secs
 
--> Reading design: roCounter.prj

TABLE OF CONTENTS
  1) Synthesis Options Summary
  2) HDL Parsing
  3) HDL Elaboration
  4) HDL Synthesis
       4.1) HDL Synthesis Report
  5) Advanced HDL Synthesis
       5.1) Advanced HDL Synthesis Report
  6) Low Level Synthesis
  7) Partition Report
  8) Design Summary
       8.1) Primitive and Black Box Usage
       8.2) Device utilization summary
       8.3) Partition Resource Summary
       8.4) Timing Report
            8.4.1) Clock Information
            8.4.2) Asynchronous Control Signals Information
            8.4.3) Timing Summary
            8.4.4) Timing Details
            8.4.5) Cross Clock Domains Report


=========================================================================
*                      Synthesis Options Summary                        *
=========================================================================
---- Source Parameters
Input File Name                    : "roCounter.prj"
Ignore Synthesis Constraint File   : NO

---- Target Parameters
Output File Name                   : "roCounter"
Output Format                      : NGC
Target Device                      : xa7z020-1I-clg400

---- Source Options
Top Module Name                    : roCounter
Automatic FSM Extraction           : YES
FSM Encoding Algorithm             : Auto
Safe Implementation                : No
FSM Style                          : LUT
RAM Extraction                     : Yes
RAM Style                          : Auto
ROM Extraction                     : Yes
Shift Register Extraction          : YES
ROM Style                          : Auto
Resource Sharing                   : YES
Asynchronous To Synchronous        : NO
Shift Register Minimum Size        : 2
Use DSP Block                      : Auto
Automatic Register Balancing       : No

---- Target Options
LUT Combining                      : Auto
Reduce Control Sets                : Auto
Add IO Buffers                     : YES
Global Maximum Fanout              : 100000
Add Generic Clock Buffer(BUFG)     : 32
Register Duplication               : YES
Optimize Instantiated Primitives   : NO
Use Clock Enable                   : Auto
Use Synchronous Set                : Auto
Use Synchronous Reset              : Auto
Pack IO Registers into IOBs        : Auto
Equivalent register Removal        : YES

---- General Options
Optimization Goal                  : Speed
Optimization Effort                : 1
Power Reduction                    : NO
Keep Hierarchy                     : No
Netlist Hierarchy                  : As_Optimized
RTL Output                         : Yes
Global Optimization                : AllClockNets
Read Cores                         : YES
Write Timing Constraints           : NO
Cross Clock Analysis               : NO
Hierarchy Separator                : /
Bus Delimiter                      : <>
Case Specifier                     : Maintain
Slice Utilization Ratio            : 100
BRAM Utilization Ratio             : 100
DSP48 Utilization Ratio            : 100
Auto BRAM Packing                  : NO
Slice Utilization Ratio Delta      : 5

=========================================================================


=========================================================================
*                          HDL Parsing                                  *
=========================================================================
Parsing VHDL file "F:\PUF\period_cul\roCounter.vhd" into library work
Parsing entity <roCounter>.
Parsing architecture <Behavioral> of entity <rocounter>.

=========================================================================
*                            HDL Elaboration                            *
=========================================================================

Elaborating entity <roCounter> (architecture <Behavioral>) from library <work>.

=========================================================================
*                           HDL Synthesis                               *
=========================================================================

Synthesizing Unit <roCounter>.
    Related source file is "F:\PUF\period_cul\roCounter.vhd".
    Found 1-bit register for signal <counterCarry>.
    Found 32-bit register for signal <counterOut>.
    Found 32-bit adder for signal <countBuf[31]_GND_5_o_add_1_OUT> created at line 63.
    Summary:
	inferred   1 Adder/Subtractor(s).
	inferred  33 D-type flip-flop(s).
	inferred   1 Multiplexer(s).
Unit <roCounter> synthesized.

=========================================================================
HDL Synthesis Report

Macro Statistics
# Adders/Subtractors                                   : 1
 32-bit adder                                          : 1
# Registers                                            : 2
 1-bit register                                        : 1
 32-bit register                                       : 1
# Multiplexers                                         : 1
 32-bit 2-to-1 multiplexer                             : 1

=========================================================================

=========================================================================
*                       Advanced HDL Synthesis                          *
=========================================================================

WARNING:Xst - The specified part-type was not generated at build time. XST is loading the full part-type and will therefore consume more CPU and memory.
Loading device for application Rf_Device from file '7z020.nph' in environment f:\Xilinx\14.4\ISE_DS\ISE\.
Loading device for application Rf_Device from file '7z020.nph' in environment f:\Xilinx\14.4\ISE_DS\ISE\.

Synthesizing (advanced) Unit <roCounter>.
The following registers are absorbed into counter <countBuf>: 1 register on signal <countBuf>.
Unit <roCounter> synthesized (advanced).

=========================================================================
Advanced HDL Synthesis Report

Macro Statistics
# Counters                                             : 1
 32-bit up counter                                     : 1
# Registers                                            : 1
 Flip-Flops                                            : 1

=========================================================================

=========================================================================
*                         Low Level Synthesis                           *
=========================================================================

Optimizing unit <roCounter> ...

Mapping all equations...
Building and optimizing final netlist ...
Found area constraint ratio of 100 (+ 5) on block roCounter, actual ratio is 0.

Final Macro Processing ...

=========================================================================
Final Register Report

Macro Statistics
# Registers                                            : 33
 Flip-Flops                                            : 33

=========================================================================

=========================================================================
*                           Partition Report                            *
=========================================================================

Partition Implementation Status
-------------------------------

  No Partitions were found in this design.

-------------------------------

=========================================================================
*                            Design Summary                             *
=========================================================================

Top Level Output File Name         : roCounter.ngc

Primitive and Black Box Usage:
------------------------------
# BELS                             : 137
#      GND                         : 1
#      INV                         : 1
#      LUT1                        : 31
#      LUT2                        : 33
#      LUT6                        : 7
#      MUXCY                       : 31
#      VCC                         : 1
#      XORCY                       : 32
# FlipFlops/Latches                : 33
#      FDC                         : 32
#      FDCE                        : 1
# Clock Buffers                    : 1
#      BUFGP                       : 1
# IO Buffers                       : 34
#      IBUF                        : 1
#      OBUF                        : 33

Device utilization summary:
---------------------------

Selected Device : xa7z020clg400-1i 


Slice Logic Utilization: 
 Number of Slice Registers:              33  out of  106400     0%  
 Number of Slice LUTs:                   72  out of  53200     0%  
    Number used as Logic:                72  out of  53200     0%  

Slice Logic Distribution: 
 Number of LUT Flip Flop pairs used:     72
   Number with an unused Flip Flop:      39  out of     72    54%  
   Number with an unused LUT:             0  out of     72     0%  
   Number of fully used LUT-FF pairs:    33  out of     72    45%  
   Number of unique control sets:         2

IO Utilization: 
 Number of IOs:                          35
 Number of bonded IOBs:                  35  out of    125    28%  

Specific Feature Utilization:
 Number of BUFG/BUFGCTRLs:                1  out of     32     3%  

---------------------------
Partition Resource Summary:
---------------------------

  No Partitions were found in this design.

---------------------------


=========================================================================
Timing Report

NOTE: THESE TIMING NUMBERS ARE ONLY A SYNTHESIS ESTIMATE.
      FOR ACCURATE TIMING INFORMATION PLEASE REFER TO THE TRACE REPORT
      GENERATED AFTER PLACE-and-ROUTE.

Clock Information:
------------------
-----------------------------------+------------------------+-------+
Clock Signal                       | Clock buffer(FF name)  | Load  |
-----------------------------------+------------------------+-------+
counterClk                         | BUFGP                  | 33    |
-----------------------------------+------------------------+-------+

Asynchronous Control Signals Information:
----------------------------------------
No asynchronous control signals found in this design

Timing Summary:
---------------
Speed Grade: -1

   Minimum period: 2.275ns (Maximum Frequency: 439.651MHz)
   Minimum input arrival time before clock: 0.807ns
   Maximum output required time after clock: 0.645ns
   Maximum combinational path delay: No path found

Timing Details:
---------------
All values displayed in nanoseconds (ns)

=========================================================================
Timing constraint: Default period analysis for Clock 'counterClk'
  Clock period: 2.275ns (frequency: 439.651MHz)
  Total number of paths / destination ports: 1585 / 34
-------------------------------------------------------------------------
Delay:               2.275ns (Levels of Logic = 3)
  Source:            countBuf_3 (FF)
  Destination:       countBuf_0 (FF)
  Source Clock:      counterClk rising
  Destination Clock: counterClk rising

  Data Path: countBuf_3 to countBuf_0
                                Gate     Net
    Cell:in->out      fanout   Delay   Delay  Logical Name (Net Name)
    ----------------------------------------  ------------
     FDC:C->Q              3   0.232   0.684  countBuf_3 (countBuf_3)
     LUT6:I0->O            2   0.043   0.668  countBuf[31]_PWR_5_o_equal_1_o<31>6 (countBuf[31]_PWR_5_o_equal_1_o<31>5)
     LUT6:I1->O           32   0.043   0.562  countBuf[31]_PWR_5_o_equal_1_o<31>7 (countBuf[31]_PWR_5_o_equal_1_o)
     LUT2:I1->O            1   0.043   0.000  Mcount_countBuf_eqn_01 (Mcount_countBuf_eqn_0)
     FDC:D                    -0.001          countBuf_0
    ----------------------------------------
    Total                      2.275ns (0.361ns logic, 1.914ns route)
                                       (15.9% logic, 84.1% route)

=========================================================================
Timing constraint: Default OFFSET IN BEFORE for Clock 'counterClk'
  Total number of paths / destination ports: 33 / 33
-------------------------------------------------------------------------
Offset:              0.807ns (Levels of Logic = 1)
  Source:            countRst (PAD)
  Destination:       counterCarry (FF)
  Destination Clock: counterClk rising

  Data Path: countRst to counterCarry
                                Gate     Net
    Cell:in->out      fanout   Delay   Delay  Logical Name (Net Name)
    ----------------------------------------  ------------
     IBUF:I->O            33   0.000   0.552  countRst_IBUF (countRst_IBUF)
     FDCE:CLR                  0.255          counterCarry
    ----------------------------------------
    Total                      0.807ns (0.255ns logic, 0.552ns route)
                                       (31.6% logic, 68.4% route)

=========================================================================
Timing constraint: Default OFFSET OUT AFTER for Clock 'counterClk'
  Total number of paths / destination ports: 33 / 33
-------------------------------------------------------------------------
Offset:              0.645ns (Levels of Logic = 1)
  Source:            countBuf_31 (FF)
  Destination:       counterOut<31> (PAD)
  Source Clock:      counterClk rising

  Data Path: countBuf_31 to counterOut<31>
                                Gate     Net
    Cell:in->out      fanout   Delay   Delay  Logical Name (Net Name)
    ----------------------------------------  ------------
     FDC:C->Q              3   0.232   0.413  countBuf_31 (countBuf_31)
     OBUF:I->O                 0.000          counterOut_31_OBUF (counterOut<31>)
    ----------------------------------------
    Total                      0.645ns (0.232ns logic, 0.413ns route)
                                       (36.0% logic, 64.0% route)

=========================================================================

Cross Clock Domains Report:
--------------------------

Clock to Setup on destination clock counterClk
---------------+---------+---------+---------+---------+
               | Src:Rise| Src:Fall| Src:Rise| Src:Fall|
Source Clock   |Dest:Rise|Dest:Rise|Dest:Fall|Dest:Fall|
---------------+---------+---------+---------+---------+
counterClk     |    2.275|         |         |         |
---------------+---------+---------+---------+---------+

=========================================================================


Total REAL time to Xst completion: 32.00 secs
Total CPU time to Xst completion: 31.46 secs
 
--> 

Total memory usage is 767924 kilobytes

Number of errors   :    0 (   0 filtered)
Number of warnings :    1 (   0 filtered)
Number of infos    :    0 (   0 filtered)

