INFO:sim:172 - Generating IP...
Resolving generics for 'clk_10Mc'...
Applying external generics to 'clk_10Mc'...
Delivering associated files for 'clk_10Mc'...
WARNING:sim - Component clk_wiz_v3_6 does not have a valid model name for VHDL
   synthesis
Delivering EJava files for 'clk_10Mc'...
Delivered 3 files into directory
D:/Xilinx/period_cul/ipcore_dir/tmp/_cg/clk_10Mc
Delivered 1 file into directory D:/Xilinx/period_cul/ipcore_dir/tmp/_cg/clk_10Mc
Generating ASY schematic symbol...
Loading device for application Rf_Device from file '7z010.nph' in environment
C:\Xilinx\14.7\ISE_DS\ISE\.
INFO:sim:949 - Finished generation of ASY schematic symbol.
Generating SYM schematic symbol for 'clk_10Mc'...
Generating ISE project...
XCO file found: clk_10Mc.xco
XMDF file found: clk_10Mc_xmdf.tcl
Adding D:/Xilinx/period_cul/ipcore_dir/tmp/_cg/clk_10Mc.asy -view all
-origin_type imported
Adding D:/Xilinx/period_cul/ipcore_dir/tmp/_cg/clk_10Mc.ucf -view all
-origin_type created
Adding D:/Xilinx/period_cul/ipcore_dir/tmp/_cg/clk_10Mc.vhd -view all
-origin_type created
INFO:HDLCompiler:1061 - Parsing VHDL file
   "D:/Xilinx/period_cul/ipcore_dir/tmp/_cg/clk_10Mc.vhd" into library work
INFO:ProjectMgmt - Parsing design hierarchy completed successfully.
Adding D:/Xilinx/period_cul/ipcore_dir/tmp/_cg/clk_10Mc.vho -view all
-origin_type imported
INFO:TclTasksC:2116 - The automatic calculation of top has been turned-off.
   Please set the new top explicitly by running the "project set top" command.
   To re-calculate the new top automatically, set the "Auto Implementation Top"
   property to true.
Top level has been set to "/clk_10Mc"
Generating README file...
Generating FLIST file...
INFO:sim:948 - Finished FLIST file generation.
Launching README viewer...
Moving files to output directory...
Finished moving files to output directory
Wrote CGP file for project 'clk_10Mc'.
