Running: C:\Xilinx\14.7\ISE_DS\ISE\bin\nt64\unwrapped\fuse.exe -intstyle ise -incremental -lib secureip -o D:/Xilinx/period_cul/roCounter0_ben_isim_beh.exe -prj D:/Xilinx/period_cul/roCounter0_ben_beh.prj work.roCounter0_ben 
ISim P.20131013 (signature 0x7708f090)
Number of CPUs detected in this system: 4
Turning on mult-threading, number of parallel sub-compilation jobs: 8 
Determining compilation order of HDL files
Parsing VHDL file "D:/Xilinx/period_cul/roCounter0.vhd" into library work
Parsing VHDL file "D:/Xilinx/period_cul/roCounter0_ben.vhd" into library work
Starting static elaboration
Completed static elaboration
Compiling package standard
Compiling package std_logic_1164
Compiling package std_logic_arith
Compiling package std_logic_unsigned
Compiling architecture behavioral of entity roCounter0 [rocounter0_default]
Compiling architecture behavior of entity rocounter0_ben
Time Resolution for simulation is 1ps.
Waiting for 1 sub-compilation(s) to finish...
Compiled 7 VHDL Units
Built simulation executable D:/Xilinx/period_cul/roCounter0_ben_isim_beh.exe
Fuse Memory Usage: 34172 KB
Fuse CPU Usage: 529 ms
