#
# A fatal error has been detected by the Java Runtime Environment:
#
#  EXCEPTION_ACCESS_VIOLATION (0xc0000005) at pc=0x000007fd3c2d1355, pid=4376, tid=1680
#
# JRE version: 7.0_07-b11
# Java VM: Java HotSpot(TM) 64-Bit Server VM (23.3-b01 mixed mode windows-amd64 compressed oops)
# Problematic frame:
# C  [msvcrt.dll+0x1355]  free_dbg+0x5
#
# Failed to write core dump. Minidumps are not enabled by default on client versions of Windows
#
# If you would like to submit a bug report, please visit:
#   http://bugreport.sun.com/bugreport/crash.jsp
# The crash happened outside the Java Virtual Machine in native code.
# See problematic frame for where to report the bug.
#

---------------  T H R E A D  ---------------

Current thread (0x000000002f041000):  JavaThread "Swing-Shell" daemon [_thread_in_native, id=1680, stack(0x0000000033750000,0x0000000033a50000)]

siginfo: ExceptionCode=0xc0000005, reading address 0x00000000000000c5

Registers:
RAX=0x00000000000000c5, RBX=0x000007fd3b04f9b0, RCX=0x000000000028574c, RDX=0x000007fd3adceac4
RSP=0x0000000033a4c2e8, RBP=0x0000000033a4c3f0, RSI=0x0000000080040111, RDI=0x0000000000000000
R8 =0x0000000000000010, R9 =0x0000000000000000, R10=0x000000000028574c, R11=0x000007fd39c415f8
R12=0x000007fd3b04f9a0, R13=0x0000000033a4c8b8, R14=0x000000000028574c, R15=0x0000000000000000
RIP=0x000007fd3c2d1355, EFLAGS=0x0000000000010293

Top of Stack: (sp=0x0000000033a4c2e8)
0x0000000033a4c2e8:   000007fd3afe3b06 0000000000000002
0x0000000033a4c2f8:   0000000033a4c448 0000000000000900
0x0000000033a4c308:   0000000033a4c448 000000000000004e
0x0000000033a4c318:   0000000033a4c4b0 0000000100000000
0x0000000033a4c328:   000007fd3b058238 0000000000000401
0x0000000033a4c338:   0000000000000000 0000000000000000
0x0000000033a4c348:   0000000033a4c3d0 004600460044007b
0x0000000033a4c358:   0043004400430041 00370036002d0035
0x0000000033a4c368:   0034002d00460039 002d003600350031
0x0000000033a4c378:   0037003400390038 004300350043002d
0x0000000033a4c388:   0043004200360037 0037003600420030
0x0000000033a4c398:   00000000007d0046 0000000000270000
0x0000000033a4c3a8:   0000000033a4c4b0 0000000000000000
0x0000000033a4c3b8:   000007fd3b0495f8 0000000000000027
0x0000000033a4c3c8:   000007fd3b01aa40 0000000000000001
0x0000000033a4c3d8:   0000000000008000 fffffffffffffffe 

Instructions: (pc=0x000007fd3c2d1355)
0x000007fd3c2d1335:   3a 04 0a 75 1b 48 ff c1 49 ff c8 f6 c1 07 75 ee
0x000007fd3c2d1345:   eb 87 cc 90 90 90 90 90 90 90 90 48 b8 60 81 91
0x000007fd3c2d1355:   0a 00 00 00 00 ff e0 90 90 90 90 90 90 90 90 48
0x000007fd3c2d1365:   b8 60 73 91 0a 00 00 00 00 ff e0 83 ec 20 48 83 


Register to memory mapping:

RAX=0x00000000000000c5 is an unknown value
RBX=0x000007fd3b04f9b0 is an unknown value
RCX=0x000000000028574c is an unknown value
RDX=0x000007fd3adceac4 is an unknown value
RSP=0x0000000033a4c2e8 is pointing into the stack for thread: 0x000000002f041000
RBP=0x0000000033a4c3f0 is pointing into the stack for thread: 0x000000002f041000
RSI=0x0000000080040111 is an unknown value
RDI=0x0000000000000000 is an unknown value
R8 =0x0000000000000010 is an unknown value
R9 =0x0000000000000000 is an unknown value
R10=0x000000000028574c is an unknown value
R11=0x000007fd39c415f8 is an unknown value
R12=0x000007fd3b04f9a0 is an unknown value
R13=0x0000000033a4c8b8 is pointing into the stack for thread: 0x000000002f041000
R14=0x000000000028574c is an unknown value
R15=0x0000000000000000 is an unknown value


Stack: [0x0000000033750000,0x0000000033a50000],  sp=0x0000000033a4c2e8,  free space=3056k
Native frames: (J=compiled Java code, j=interpreted, Vv=VM code, C=native code)
C  [msvcrt.dll+0x1355]  free_dbg+0x5

Java frames: (J=compiled Java code, j=interpreted, Vv=VM code)
j  sun.awt.shell.Win32ShellFolder2.getDisplayNameOf(JJI)Ljava/lang/String;+0
j  sun.awt.shell.Win32ShellFolder2.getFileSystemPath(JJ)Ljava/lang/String;+66
j  sun.awt.shell.Win32ShellFolder2.access$400(JJ)Ljava/lang/String;+2
j  sun.awt.shell.Win32ShellFolder2$10.call()Lsun/awt/shell/Win32ShellFolder2;+50
j  sun.awt.shell.Win32ShellFolder2$10.call()Ljava/lang/Object;+1
j  java.util.concurrent.FutureTask$Sync.innerRun()V+29
j  java.util.concurrent.FutureTask.run()V+4
j  java.util.concurrent.ThreadPoolExecutor.runWorker(Ljava/util/concurrent/ThreadPoolExecutor$Worker;)V+46
j  java.util.concurrent.ThreadPoolExecutor$Worker.run()V+5
j  sun.awt.shell.Win32ShellFolderManager2$ComInvoker$3.run()V+7
j  java.lang.Thread.run()V+11
v  ~StubRoutines::call_stub

---------------  P R O C E S S  ---------------

Java Threads: ( => current thread )
=>0x000000002f041000 JavaThread "Swing-Shell" daemon [_thread_in_native, id=1680, stack(0x0000000033750000,0x0000000033a50000)]
  0x000000002edd9800 JavaThread "HFileChooser Load File/Folder Choosers Thread" [_thread_blocked, id=3628, stack(0x0000000032f50000,0x0000000033250000)]
  0x000000002edc0800 JavaThread "Monitor File Timestamp" [_thread_blocked, id=3260, stack(0x0000000032c50000,0x0000000032f50000)]
  0x000000002cb7d000 JavaThread "Image Fetcher 3" daemon [_thread_blocked, id=4552, stack(0x000000002df50000,0x000000002e250000)]
  0x000000002cb79000 JavaThread "Image Fetcher 2" daemon [_thread_blocked, id=32, stack(0x000000002dc50000,0x000000002df50000)]
  0x000000002cb7a000 JavaThread "Image Fetcher 1" daemon [_thread_blocked, id=5020, stack(0x000000002cf50000,0x000000002d250000)]
  0x000000002bb00800 JavaThread "Image Fetcher 0" daemon [_thread_blocked, id=2440, stack(0x000000002c750000,0x000000002ca50000)]
  0x000000000571d000 JavaThread "AWT-EventQueue-1" [_thread_in_native, id=808, stack(0x000000002c450000,0x000000002c750000)]
  0x0000000005715000 JavaThread "Process Messages" [_thread_blocked, id=3896, stack(0x000000002c150000,0x000000002c450000)]
  0x0000000005704000 JavaThread "Thread-3" [_thread_blocked, id=3964, stack(0x0000000003be0000,0x0000000004fe0000)]
  0x000000002bcc7800 JavaThread "AWT-EventQueue-0" [_thread_blocked, id=1848, stack(0x000000002be50000,0x000000002c150000)]
  0x0000000029d6c800 JavaThread "AWT-Windows" daemon [_thread_in_native, id=3380, stack(0x000000002a420000,0x000000002a720000)]
  0x0000000029d6d800 JavaThread "AWT-Shutdown" [_thread_blocked, id=3616, stack(0x000000002a120000,0x000000002a420000)]
  0x0000000029d21000 JavaThread "Java2D Disposer" daemon [_thread_blocked, id=2608, stack(0x0000000029e20000,0x000000002a120000)]
  0x000000002962b800 JavaThread "TimerQueue" daemon [_thread_blocked, id=4736, stack(0x0000000029a20000,0x0000000029d20000)]
  0x0000000026da4800 JavaThread "Service Thread" daemon [_thread_blocked, id=3696, stack(0x0000000028270000,0x0000000028570000)]
  0x0000000026da1000 JavaThread "C1 CompilerThread2" daemon [_thread_blocked, id=3804, stack(0x0000000028170000,0x0000000028270000)]
  0x0000000022230800 JavaThread "C2 CompilerThread1" daemon [_thread_blocked, id=3728, stack(0x0000000028070000,0x0000000028170000)]
  0x0000000022261000 JavaThread "C2 CompilerThread0" daemon [_thread_blocked, id=800, stack(0x0000000027f70000,0x0000000028070000)]
  0x0000000022251800 JavaThread "Attach Listener" daemon [_thread_blocked, id=4364, stack(0x0000000027c70000,0x0000000027f70000)]
  0x0000000026ff2000 JavaThread "Signal Dispatcher" daemon [_thread_blocked, id=3348, stack(0x0000000027970000,0x0000000027c70000)]
  0x0000000026ff4000 JavaThread "Surrogate Locker Thread (Concurrent GC)" daemon [_thread_blocked, id=4760, stack(0x0000000027670000,0x0000000027970000)]
  0x0000000022257800 JavaThread "Finalizer" daemon [_thread_blocked, id=3156, stack(0x0000000027370000,0x0000000027670000)]
  0x0000000022241800 JavaThread "Reference Handler" daemon [_thread_blocked, id=4640, stack(0x0000000027070000,0x0000000027370000)]
  0x000000001b10b000 JavaThread "main" [_thread_blocked, id=1008, stack(0x000000001b290000,0x000000001b390000)]

Other Threads:
  0x00000000221e2000 VMThread [stack: 0x0000000026e70000,0x0000000026f70000] [id=4604]
  0x0000000026e30800 WatcherThread [stack: 0x0000000028570000,0x0000000028670000] [id=1384]

VM state:not at safepoint (normal execution)

VM Mutex/Monitor currently owned by a thread: None

Heap
 par new generation   total 55296K, used 21274K [0x0000000778000000, 0x000000077bc00000, 0x000000077bc00000)
  eden space 49152K,  30% used [0x0000000778000000, 0x0000000778ec68a0, 0x000000077b000000)
  from space 6144K, 100% used [0x000000077b000000, 0x000000077b600000, 0x000000077b600000)
  to   space 6144K,   0% used [0x000000077b600000, 0x000000077b600000, 0x000000077bc00000)
 concurrent mark-sweep generation total 69632K, used 11742K [0x000000077bc00000, 0x0000000780000000, 0x00000007f8000000)
 concurrent-mark-sweep perm gen total 131072K, used 26756K [0x00000007f8000000, 0x0000000800000000, 0x0000000800000000)

Card table byte_map: [0x0000000021930000,0x0000000021d80000] byte_map_base: 0x000000001dd70000

Polling page: 0x000000001b390000

Code Cache  [0x000000001b3b0000, 0x000000001b9e0000, 0x00000000213b0000)
 total_blobs=2173 nmethods=1588 adapters=501 free_code_cache=92129Kb largest_free_block=94211840

Compilation events (10 events):
Event: 8.943 Thread 0x0000000026da1000 nmethod 1827 0x000000001b77c7d0 code [0x000000001b77cf80, 0x000000001b783e68]
Event: 8.944 Thread 0x0000000026da1000 1829       3       java.awt.Rectangle::setBounds (10 bytes)
Event: 8.944 Thread 0x0000000026da1000 nmethod 1829 0x000000001b876f50 code [0x000000001b8770c0, 0x000000001b8772b0]
Event: 8.944 Thread 0x0000000026da1000 1830       3       java.awt.Rectangle::reshape (22 bytes)
Event: 8.944 Thread 0x0000000026da1000 nmethod 1830 0x000000001b4c28d0 code [0x000000001b4c2a20, 0x000000001b4c2bb0]
Event: 8.948 Thread 0x0000000022230800 1831       4       javax.swing.UIManager::get (8 bytes)
Event: 8.949 Thread 0x0000000026da1000 1833       3       com.sun.java.swing.plaf.windows.XPStyle$Skin::<init> (101 bytes)
Event: 8.950 Thread 0x0000000026da1000 nmethod 1833 0x000000001b78a910 code [0x000000001b78aba0, 0x000000001b78beb8]
Event: 8.950 Thread 0x0000000026da1000 1834       3       javax.swing.border.AbstractBorder::getBorderInsets (17 bytes)
Event: 8.950 Thread 0x0000000026da1000 nmethod 1834 0x000000001b78a310 code [0x000000001b78a480, 0x000000001b78a7c8]

GC Heap History (4 events):
Event: 5.604 GC heap before
{Heap before GC invocations=0 (full 0):
 par new generation   total 55296K, used 49152K [0x0000000778000000, 0x000000077bc00000, 0x000000077bc00000)
  eden space 49152K, 100% used [0x0000000778000000, 0x000000077b000000, 0x000000077b000000)
  from space 6144K,   0% used [0x000000077b000000, 0x000000077b000000, 0x000000077b600000)
  to   space 6144K,   0% used [0x000000077b600000, 0x000000077b600000, 0x000000077bc00000)
 concurrent mark-sweep generation total 69632K, used 0K [0x000000077bc00000, 0x0000000780000000, 0x00000007f8000000)
 concurrent-mark-sweep perm gen total 131072K, used 13057K [0x00000007f8000000, 0x0000000800000000, 0x0000000800000000)
Event: 5.614 GC heap after
Heap after GC invocations=1 (full 0):
 par new generation   total 55296K, used 6144K [0x0000000778000000, 0x000000077bc00000, 0x000000077bc00000)
  eden space 49152K,   0% used [0x0000000778000000, 0x0000000778000000, 0x000000077b000000)
  from space 6144K, 100% used [0x000000077b600000, 0x000000077bc00000, 0x000000077bc00000)
  to   space 6144K,   0% used [0x000000077b000000, 0x000000077b000000, 0x000000077b600000)
 concurrent mark-sweep generation total 69632K, used 724K [0x000000077bc00000, 0x0000000780000000, 0x00000007f8000000)
 concurrent-mark-sweep perm gen total 131072K, used 13057K [0x00000007f8000000, 0x0000000800000000, 0x0000000800000000)
}
Event: 8.040 GC heap before
{Heap before GC invocations=1 (full 0):
 par new generation   total 55296K, used 55296K [0x0000000778000000, 0x000000077bc00000, 0x000000077bc00000)
  eden space 49152K, 100% used [0x0000000778000000, 0x000000077b000000, 0x000000077b000000)
  from space 6144K, 100% used [0x000000077b600000, 0x000000077bc00000, 0x000000077bc00000)
  to   space 6144K,   0% used [0x000000077b000000, 0x000000077b000000, 0x000000077b600000)
 concurrent mark-sweep generation total 69632K, used 724K [0x000000077bc00000, 0x0000000780000000, 0x00000007f8000000)
 concurrent-mark-sweep perm gen total 131072K, used 23063K [0x00000007f8000000, 0x0000000800000000, 0x0000000800000000)
Event: 8.071 GC heap after
Heap after GC invocations=2 (full 0):
 par new generation   total 55296K, used 6144K [0x0000000778000000, 0x000000077bc00000, 0x000000077bc00000)
  eden space 49152K,   0% used [0x0000000778000000, 0x0000000778000000, 0x000000077b000000)
  from space 6144K, 100% used [0x000000077b000000, 0x000000077b600000, 0x000000077b600000)
  to   space 6144K,   0% used [0x000000077b600000, 0x000000077b600000, 0x000000077bc00000)
 concurrent mark-sweep generation total 69632K, used 11742K [0x000000077bc00000, 0x0000000780000000, 0x00000007f8000000)
 concurrent-mark-sweep perm gen total 131072K, used 23063K [0x00000007f8000000, 0x0000000800000000, 0x0000000800000000)
}

Deoptimization events (10 events):
Event: 8.351 Thread 0x000000000571d000 Uncommon trap -83 fr.pc 0x000000001b6c828c
Event: 8.377 Thread 0x000000000571d000 Uncommon trap -34 fr.pc 0x000000001b59238c
Event: 8.390 Thread 0x000000000571d000 Uncommon trap -34 fr.pc 0x000000001b62e780
Event: 8.530 Thread 0x000000002edd9800 Uncommon trap -83 fr.pc 0x000000001b90507c
Event: 8.625 Thread 0x000000002edd9800 Uncommon trap -58 fr.pc 0x000000001b7d869c
Event: 8.658 Thread 0x000000002edd9800 Uncommon trap -58 fr.pc 0x000000001b7d869c
Event: 8.658 Thread 0x000000002edd9800 Uncommon trap -58 fr.pc 0x000000001b7d869c
Event: 8.659 Thread 0x000000002edd9800 Uncommon trap -58 fr.pc 0x000000001b7d869c
Event: 8.659 Thread 0x000000002edd9800 Uncommon trap -58 fr.pc 0x000000001b7c1990
Event: 8.827 Thread 0x000000002edd9800 Uncommon trap 668 fr.pc 0x000000001b8e1168

Internal exceptions (10 events):
Event: 8.917 Thread 0x000000000571d000 Threw 0x0000000778d00890 at C:\jdk7u1_64p\jdk7u7\hotspot\src\share\vm\prims\jvm.cpp:1166
Event: 8.918 Thread 0x000000000571d000 Threw 0x0000000778d041a8 at C:\jdk7u1_64p\jdk7u7\hotspot\src\share\vm\prims\jvm.cpp:1166
Event: 8.919 Thread 0x000000000571d000 Threw 0x0000000778d07448 at C:\jdk7u1_64p\jdk7u7\hotspot\src\share\vm\prims\jvm.cpp:1166
Event: 8.920 Thread 0x000000000571d000 Threw 0x0000000778d0c840 at C:\jdk7u1_64p\jdk7u7\hotspot\src\share\vm\prims\jvm.cpp:1166
Event: 8.924 Thread 0x000000000571d000 Threw 0x0000000778d1b8e0 at C:\jdk7u1_64p\jdk7u7\hotspot\src\share\vm\prims\jvm.cpp:1166
Event: 8.924 Thread 0x000000000571d000 Threw 0x0000000778d1dc28 at C:\jdk7u1_64p\jdk7u7\hotspot\src\share\vm\prims\jvm.cpp:1166
Event: 8.924 Thread 0x000000000571d000 Threw 0x0000000778d24a90 at C:\jdk7u1_64p\jdk7u7\hotspot\src\share\vm\prims\jvm.cpp:1166
Event: 8.950 Thread 0x000000000571d000 Threw 0x0000000778db03a0 at C:\jdk7u1_64p\jdk7u7\hotspot\src\share\vm\prims\jvm.cpp:1166
Event: 8.952 Thread 0x000000000571d000 Threw 0x0000000778db38c0 at C:\jdk7u1_64p\jdk7u7\hotspot\src\share\vm\prims\jvm.cpp:1166
Event: 8.953 Thread 0x000000000571d000 Threw 0x0000000778db6518 at C:\jdk7u1_64p\jdk7u7\hotspot\src\share\vm\prims\jvm.cpp:1166

Events (10 events):
Event: 8.924 loading class 0x0000000031fc14c0 done
Event: 8.924 loading class 0x0000000031fc1400
Event: 8.924 loading class 0x0000000031fc1400 done
Event: 8.929 Thread 0x0000000026da1000 flushing nmethod 0x000000001b8764d0
Event: 8.950 loading class 0x000000002d6ae120
Event: 8.950 loading class 0x000000002d6ae120 done
Event: 8.951 loading class 0x000000002db40fc0
Event: 8.951 loading class 0x000000002db40fc0 done
Event: 8.953 loading class 0x000000002d6aeb40
Event: 8.953 loading class 0x000000002d6aeb40 done


Dynamic libraries:
0x0000000140000000 - 0x000000014000e000 	F:\Xilinx\14.4\ISE_DS\PlanAhead\bin\unwrapped\win64.o\planAhead.exe
0x000007fd3c390000 - 0x000007fd3c54d000 	C:\Windows\SYSTEM32\ntdll.dll
0x000007fd3ad40000 - 0x000007fd3ae77000 	C:\Windows\system32\KERNEL32.DLL
0x000007fd39550000 - 0x000007fd39644000 	C:\Windows\system32\KERNELBASE.dll
0x000000000a900000 - 0x000000000a945000 	F:\Xilinx\14.4\ISE_DS\PlanAhead\lib\win64.o\SHSMP64.dll
0x0000000180000000 - 0x0000000180013000 	F:\Xilinx\14.4\ISE_DS\PlanAhead\lib\win64.o\libboost_signals.dll
0x00000000002f0000 - 0x0000000000b71000 	F:\Xilinx\14.4\ISE_DS\PlanAhead\lib\win64.o\librdi_common.dll
0x0000000000b80000 - 0x0000000000b96000 	F:\Xilinx\14.4\ISE_DS\PlanAhead\lib\win64.o\librdi_commonmain.dll
0x0000000000ba0000 - 0x0000000000c8e000 	F:\Xilinx\14.4\ISE_DS\PlanAhead\lib\win64.o\stlport.5.2.dll
0x0000000066340000 - 0x00000000663e3000 	C:\Windows\WinSxS\amd64_microsoft.vc90.crt_1fc8b3b9a1e18e3b_9.0.30729.6871_none_08e717a5a83adddf\MSVCR90.dll
0x000007fd3aa20000 - 0x000007fd3ab6c000 	C:\Windows\system32\USER32.dll
0x000007fd3a940000 - 0x000007fd3aa1e000 	C:\Windows\system32\ADVAPI32.dll
0x000007fd33220000 - 0x000007fd33229000 	C:\Windows\SYSTEM32\VERSION.dll
0x0000000000ce0000 - 0x0000000000fc9000 	F:\Xilinx\14.4\ISE_DS\PlanAhead\lib\win64.o\libCOIN-all.dll
0x0000000000fd0000 - 0x0000000001185000 	F:\Xilinx\14.4\ISE_DS\PlanAhead\lib\win64.o\libSecurity.dll
0x0000000001190000 - 0x000000000119f000 	F:\Xilinx\14.4\ISE_DS\PlanAhead\lib\win64.o\libboost_date_time.dll
0x00000000011a0000 - 0x00000000011c7000 	F:\Xilinx\14.4\ISE_DS\PlanAhead\lib\win64.o\libboost_filesystem.dll
0x00000000011d0000 - 0x0000000001241000 	F:\Xilinx\14.4\ISE_DS\PlanAhead\lib\win64.o\libboost_program_options.dll
0x0000000001250000 - 0x00000000012ff000 	F:\Xilinx\14.4\ISE_DS\PlanAhead\lib\win64.o\libboost_regex.dll
0x0000000001300000 - 0x0000000001309000 	F:\Xilinx\14.4\ISE_DS\PlanAhead\lib\win64.o\libboost_system.dll
0x0000000001310000 - 0x0000000001326000 	F:\Xilinx\14.4\ISE_DS\PlanAhead\lib\win64.o\libboost_thread.dll
0x0000000001330000 - 0x0000000001373000 	F:\Xilinx\14.4\ISE_DS\PlanAhead\lib\win64.o\libcurl.dll
0x0000000001380000 - 0x0000000001403000 	F:\Xilinx\14.4\ISE_DS\PlanAhead\lib\win64.o\libhdlpsolve.dll
0x0000000001410000 - 0x00000000014c7000 	F:\Xilinx\14.4\ISE_DS\PlanAhead\lib\win64.o\libhdxml.dll
0x00000000014d0000 - 0x0000000001a130d3 	F:\Xilinx\14.4\ISE_DS\PlanAhead\lib\win64.o\libisl_iostreams.dll
0x0000000001a20000 - 0x0000000001a49000 	F:\Xilinx\14.4\ISE_DS\PlanAhead\lib\win64.o\libisl_sysinfo.dll
0x0000000065b00000 - 0x000000006621f000 	F:\Xilinx\14.4\ISE_DS\PlanAhead\tps\win64\jre\bin\server\jvm.dll
0x0000000001a50000 - 0x0000000001a62000 	F:\Xilinx\14.4\ISE_DS\PlanAhead\lib\win64.o\pthreadVC.dll
0x0000000001a70000 - 0x0000000001a86000 	F:\Xilinx\14.4\ISE_DS\PlanAhead\lib\win64.o\librdiconfig.dll
0x0000000001a90000 - 0x0000000001aae000 	F:\Xilinx\14.4\ISE_DS\PlanAhead\lib\win64.o\librdizlib.dll
0x0000000010000000 - 0x000000001012a000 	F:\Xilinx\14.4\ISE_DS\PlanAhead\lib\win64.o\tcl85t.dll
0x0000000012000000 - 0x0000000012282000 	F:\Xilinx\14.4\ISE_DS\PlanAhead\lib\win64.o\xerces-c_3_1.dll
0x000007fd3c380000 - 0x000007fd3c387000 	C:\Windows\system32\PSAPI.DLL
0x000007fd3a1a0000 - 0x000007fd3a3cc000 	C:\Windows\system32\WININET.dll
0x000007fd33830000 - 0x000007fd338e1000 	C:\Windows\SYSTEM32\WINHTTP.dll
0x000007fd39a50000 - 0x000007fd39bb4000 	C:\Windows\system32\urlmon.dll
0x000007fd330c0000 - 0x000007fd330c9000 	C:\Windows\SYSTEM32\WSOCK32.dll
0x0000000066260000 - 0x0000000066333000 	C:\Windows\WinSxS\amd64_microsoft.vc90.crt_1fc8b3b9a1e18e3b_9.0.30729.6871_none_08e717a5a83adddf\MSVCP90.dll
0x000007fd3afe0000 - 0x000007fd3c2c5000 	C:\Windows\system32\SHELL32.dll
0x000007fd3ae90000 - 0x000007fd3afd1000 	C:\Windows\system32\GDI32.dll
0x000007fd3c2d0000 - 0x000007fd3c375000 	C:\Windows\system32\msvcrt.dll
0x000007fd3a560000 - 0x000007fd3a5a8000 	C:\Windows\SYSTEM32\sechost.dll
0x000007fd398e0000 - 0x000007fd39a25000 	C:\Windows\system32\RPCRT4.dll
0x000007fd35c20000 - 0x000007fd35c35000 	C:\Windows\SYSTEM32\NETAPI32.dll
0x000007fd397c0000 - 0x000007fd39861000 	C:\Windows\system32\COMDLG32.dll
0x000007fd2deb0000 - 0x000007fd2df54000 	C:\Windows\WinSxS\amd64_microsoft.windows.common-controls_6595b64144ccf1df_5.82.9200.17359_none_776323af3178557f\COMCTL32.dll
0x0000000001b50000 - 0x0000000001b5c000 	F:\Xilinx\14.4\ISE_DS\PlanAhead\lib\win64.o\libboost_chrono.dll
0x000007fd39760000 - 0x000007fd397b8000 	C:\Windows\system32\WS2_32.dll
0x000007fd39bd0000 - 0x000007fd39c2e000 	C:\Windows\system32\WLDAP32.dll
0x0000000001b90000 - 0x0000000001ba9000 	F:\Xilinx\14.4\ISE_DS\PlanAhead\lib\win64.o\libboost_iostreams.dll
0x000007fd2f1f0000 - 0x000007fd2f210000 	C:\Windows\SYSTEM32\WINMM.dll
0x0000000065a20000 - 0x0000000065af2000 	C:\Windows\SYSTEM32\MSVCR100.dll
0x000007fd39c80000 - 0x000007fd39f0e000 	C:\Windows\system32\iertutil.dll
0x000007fd39350000 - 0x000007fd3936f000 	C:\Windows\system32\USERENV.dll
0x000007fd39f50000 - 0x000007fd3a100000 	C:\Windows\SYSTEM32\combase.dll
0x000007fd3a3d0000 - 0x000007fd3a54e000 	C:\Windows\system32\ole32.dll
0x000007fd39c30000 - 0x000007fd39c80000 	C:\Windows\system32\SHLWAPI.dll
0x000007fd38530000 - 0x000007fd3853e000 	C:\Windows\SYSTEM32\netutils.dll
0x000007fd38dc0000 - 0x000007fd38de4000 	C:\Windows\SYSTEM32\srvcli.dll
0x000007fd35be0000 - 0x000007fd35bf5000 	C:\Windows\SYSTEM32\wkscli.dll
0x000007fd3a550000 - 0x000007fd3a559000 	C:\Windows\system32\NSI.dll
0x000007fd2f1b0000 - 0x000007fd2f1e3000 	C:\Windows\SYSTEM32\WINMMBASE.dll
0x000007fd392b0000 - 0x000007fd392c5000 	C:\Windows\system32\profapi.dll
0x000007fd392d0000 - 0x000007fd3931f000 	C:\Windows\SYSTEM32\cfgmgr32.dll
0x000007fd39320000 - 0x000007fd39342000 	C:\Windows\system32\DEVOBJ.dll
0x000007fd379b0000 - 0x000007fd37a46000 	C:\Windows\SYSTEM32\SHCORE.DLL
0x000007fd39f10000 - 0x000007fd39f49000 	C:\Windows\system32\IMM32.DLL
0x000007fd3a680000 - 0x000007fd3a795000 	C:\Windows\system32\MSCTF.dll
0x0000000004fe0000 - 0x00000000052d3000 	F:\Xilinx\14.4\ISE_DS\PlanAhead\lib\win64.o\librdi_commontasks.dll
0x0000000006de0000 - 0x000000000741c000 	F:\Xilinx\14.4\ISE_DS\PlanAhead\lib\win64.o\librdi_coretasks.dll
0x0000000007420000 - 0x00000000075e7000 	F:\Xilinx\14.4\ISE_DS\PlanAhead\lib\win64.o\librdi_chipscope.dll
0x00000000075f0000 - 0x000000000860d000 	F:\Xilinx\14.4\ISE_DS\PlanAhead\lib\win64.o\librdi_constraints.dll
0x0000000008610000 - 0x00000000098dc000 	F:\Xilinx\14.4\ISE_DS\PlanAhead\lib\win64.o\librdi_coregen.dll
0x000000000a950000 - 0x000000000df9f000 	F:\Xilinx\14.4\ISE_DS\PlanAhead\lib\win64.o\librdi_designutils.dll
0x00000000098e0000 - 0x000000000a4b6000 	F:\Xilinx\14.4\ISE_DS\PlanAhead\lib\win64.o\librdi_device.dll
0x000000000a4c0000 - 0x000000000a7d4000 	F:\Xilinx\14.4\ISE_DS\PlanAhead\lib\win64.o\librdi_drc.dll
0x000000000dfa0000 - 0x000000000e22d000 	F:\Xilinx\14.4\ISE_DS\PlanAhead\lib\win64.o\librdi_filemgmt.dll
0x000000000e230000 - 0x000000000e606000 	F:\Xilinx\14.4\ISE_DS\PlanAhead\lib\win64.o\librdi_netlist.dll
0x000000000e610000 - 0x000000000f733000 	F:\Xilinx\14.4\ISE_DS\PlanAhead\lib\win64.o\librdi_place.dll
0x000000000f740000 - 0x000000000fc62000 	F:\Xilinx\14.4\ISE_DS\PlanAhead\lib\win64.o\librdi_power.dll
0x0000000010130000 - 0x00000000104e2000 	F:\Xilinx\14.4\ISE_DS\PlanAhead\lib\win64.o\librdi_project.dll
0x00000000104f0000 - 0x0000000010a8d000 	F:\Xilinx\14.4\ISE_DS\PlanAhead\lib\win64.o\librdi_rsb.dll
0x0000000010a90000 - 0x0000000010e88000 	F:\Xilinx\14.4\ISE_DS\PlanAhead\lib\win64.o\librdi_runs.dll
0x0000000010e90000 - 0x0000000011968000 	F:\Xilinx\14.4\ISE_DS\PlanAhead\lib\win64.o\librdi_timing.dll
0x0000000003650000 - 0x00000000036be000 	F:\Xilinx\14.4\ISE_DS\PlanAhead\lib\win64.o\liblmx6.0.dll
0x00000000036d0000 - 0x00000000036d8000 	F:\Xilinx\14.4\ISE_DS\PlanAhead\lib\win64.o\libpsta_dllwrapper.dll
0x0000000012290000 - 0x0000000012a5f000 	F:\Xilinx\14.4\ISE_DS\PlanAhead\lib\win64.o\librdi_coregenipxact.dll
0x0000000012a60000 - 0x0000000013200000 	F:\Xilinx\14.4\ISE_DS\PlanAhead\lib\win64.o\libverific.dll
0x000000000a7e0000 - 0x000000000a85d000 	F:\Xilinx\14.4\ISE_DS\PlanAhead\lib\win64.o\libboost_serialization.dll
0x0000000011970000 - 0x0000000011eb4000 	F:\Xilinx\14.4\ISE_DS\PlanAhead\lib\win64.o\librdi_xdm.dll
0x000000000fc70000 - 0x000000000fd00000 	F:\Xilinx\14.4\ISE_DS\PlanAhead\lib\win64.o\libise.dll
0x0000000013200000 - 0x00000000137dc000 	F:\Xilinx\14.4\ISE_DS\PlanAhead\lib\win64.o\librdi_abc_nomp.dll
0x000000000fd00000 - 0x000000000fe28000 	F:\Xilinx\14.4\ISE_DS\PlanAhead\lib\win64.o\librdi_dlyest.dll
0x000000000a8b0000 - 0x000000000a8ca000 	F:\Xilinx\14.4\ISE_DS\PlanAhead\lib\win64.o\librdi_hmetis.dll
0x0000000065a00000 - 0x0000000065a11000 	C:\Windows\WinSxS\amd64_microsoft.vc90.openmp_1fc8b3b9a1e18e3b_9.0.30729.6161_none_390d35aa0a1f21f9\VCOMP90.DLL
0x00000000137e0000 - 0x0000000013dce000 	F:\Xilinx\14.4\ISE_DS\PlanAhead\lib\win64.o\librdi_route.dll
0x0000000013dd0000 - 0x0000000013ffa000 	F:\Xilinx\14.4\ISE_DS\PlanAhead\lib\win64.o\librdi_labtools.dll
0x0000000014000000 - 0x000000001453b000 	F:\Xilinx\14.4\ISE_DS\PlanAhead\lib\win64.o\librdi_memdata.dll
0x0000000014540000 - 0x0000000015c6f000 	F:\Xilinx\14.4\ISE_DS\PlanAhead\lib\win64.o\librdi_synth.dll
0x0000000015c70000 - 0x00000000160ae000 	F:\Xilinx\14.4\ISE_DS\PlanAhead\lib\win64.o\librdi_ip.dll
0x000000000ff10000 - 0x000000000ff4d000 	F:\Xilinx\14.4\ISE_DS\PlanAhead\lib\win64.o\librdi_simbridge_kernel.dll
0x00000000160b0000 - 0x0000000016526000 	F:\Xilinx\14.4\ISE_DS\PlanAhead\lib\win64.o\librdi_wavedata.dll
0x0000000017830000 - 0x00000000198e8000 	F:\Xilinx\14.4\ISE_DS\PlanAhead\lib\win64.o\librdi_tcltasks.dll
0x00000000198f0000 - 0x0000000019b64000 	F:\Xilinx\14.4\ISE_DS\PlanAhead\lib\win64.o\librdi_bitstream.dll
0x0000000019b70000 - 0x0000000019c44000 	F:\Xilinx\14.4\ISE_DS\PlanAhead\lib\win64.o\librdi_dsp.dll
0x0000000019c50000 - 0x0000000019cbe000 	F:\Xilinx\14.4\ISE_DS\PlanAhead\lib\win64.o\librdi_edk.dll
0x0000000019cc0000 - 0x0000000019ece000 	F:\Xilinx\14.4\ISE_DS\PlanAhead\lib\win64.o\librdi_simdata.dll
0x000000001a0d0000 - 0x000000001a226000 	F:\Xilinx\14.4\ISE_DS\PlanAhead\lib\win64.o\librdi_planaheadtasks.dll
0x000000001a230000 - 0x000000001b078000 	F:\Xilinx\14.4\ISE_DS\PlanAhead\lib\win64.o\librdi_ipservicestasks.dll
0x00000000659f0000 - 0x00000000659ff000 	F:\Xilinx\14.4\ISE_DS\PlanAhead\tps\win64\jre\bin\verify.dll
0x00000000659c0000 - 0x00000000659e8000 	F:\Xilinx\14.4\ISE_DS\PlanAhead\tps\win64\jre\bin\java.dll
0x00000000659a0000 - 0x00000000659b5000 	F:\Xilinx\14.4\ISE_DS\PlanAhead\tps\win64\jre\bin\zip.dll
0x0000000065980000 - 0x0000000065999000 	F:\Xilinx\14.4\ISE_DS\PlanAhead\tps\win64\jre\bin\net.dll
0x000007fd38a50000 - 0x000007fd38aac000 	C:\Windows\system32\mswsock.dll
0x0000000065960000 - 0x0000000065971000 	F:\Xilinx\14.4\ISE_DS\PlanAhead\tps\win64\jre\bin\nio.dll
0x0000000028970000 - 0x0000000028c56000 	F:\Xilinx\14.4\ISE_DS\PlanAhead\lib\win64.o\librdi_fed.dll
0x0000000028c70000 - 0x0000000028ed1000 	F:\Xilinx\14.4\ISE_DS\PlanAhead\lib\win64.o\librdi_guitools.dll
0x0000000028ef0000 - 0x0000000028ef7000 	F:\Xilinx\14.4\ISE_DS\PlanAhead\lib\win64.o\librdi_commonx11.dll
0x0000000028f10000 - 0x00000000292fe000 	F:\Xilinx\14.4\ISE_DS\PlanAhead\lib\win64.o\librdi_rsbtasks.dll
0x0000000029310000 - 0x0000000029559000 	F:\Xilinx\14.4\ISE_DS\PlanAhead\lib\win64.o\librdi_labtoolstasks.dll
0x0000000029670000 - 0x0000000029828000 	F:\Xilinx\14.4\ISE_DS\PlanAhead\lib\win64.o\librdi_simtcltasks.dll
0x00000000657c0000 - 0x0000000065953000 	F:\Xilinx\14.4\ISE_DS\PlanAhead\tps\win64\jre\bin\awt.dll
0x000007fd3a5b0000 - 0x000007fd3a673000 	C:\Windows\system32\OLEAUT32.dll
0x000007fd33d00000 - 0x000007fd33d9e000 	C:\Windows\system32\apphelp.dll
0x000007fd380a0000 - 0x000007fd38186000 	C:\Windows\system32\uxtheme.dll
0x000007fd377c0000 - 0x000007fd377e1000 	C:\Windows\SYSTEM32\dwmapi.dll
0x000007fd39040000 - 0x000007fd3904a000 	C:\Windows\SYSTEM32\CRYPTBASE.dll
0x000007fd38fe0000 - 0x000007fd3903c000 	C:\Windows\SYSTEM32\bcryptPrimitives.dll

VM Arguments:
jvm_args: -Dsun.java2d.pmoffscreen=false -Xverify:none -Dswing.aatext=true -XX:-UsePerfData -Djdk.map.althashing.threshold=512 -XX:PermSize=128m -XX:MaxPermSize=128m -XX:NewSize=60m -XX:MaxNewSize=60m -XX:+UseConcMarkSweepGC -XX:+UseParNewGC -XX:+CMSParallelRemarkEnabled -XX:+CMSScavengeBeforeRemark -XX:+UseNUMA -XX:+AggressiveOpts -XX:+UseFastAccessorMethods -XX:+UseFastEmptyMethods -XX:+UseBiasedLocking -XX:+TieredCompilation -Xms128m -Xmx2048m -Xss3m 
java_command: <unknown>
Launcher Type: generic

Environment Variables:
PATH=F:/Xilinx/14.4/ISE_DS/PlanAhead/bin;F:/Xilinx/14.4/ISE_DS/PlanAhead/lib/win64.o;F:/Xilinx/14.4/ISE_DS/PlanAhead/tps/win64/jre/bin/server;F:/Xilinx/14.4/ISE_DS/PlanAhead/tps/win64/jre/bin;F:/Xilinx/14.4/ISE_DS/EDK/bin/nt64;F:/Xilinx/14.4/ISE_DS/EDK/lib/nt64;F:/Xilinx/14.4/ISE_DS/ISE/bin/nt64;F:/Xilinx/14.4/ISE_DS/ISE/lib/nt64;F:/Xilinx/14.4/ISE_DS/common/bin/nt64;F:/Xilinx/14.4/ISE_DS/common/lib/nt64;f:\Xilinx\14.4\ISE_DS\ISE\\lib\nt;f:\Xilinx\14.4\ISE_DS\ISE\\bin\nt;f:\Xilinx\Vivado_HLS\2012.4\bin;f:\Xilinx\14.4\ISE_DS\ISE\bin\nt;f:\Xilinx\14.4\ISE_DS\ISE\lib\nt;f:\Xilinx\14.4\ISE_DS\ISE\..\..\..\DocNav;f:\Xilinx\Vivado\2012.4\bin;f:\Xilinx\14.4\ISE_DS\PlanAhead\bin;f:\Xilinx\14.4\ISE_DS\EDK\bin\nt;f:\Xilinx\14.4\ISE_DS\EDK\lib\nt;f:\Xilinx\14.4\ISE_DS\EDK\gnu\microblaze\nt\bin;f:\Xilinx\14.4\ISE_DS\EDK\gnu\powerpc-eabi\nt\bin;f:\Xilinx\14.4\ISE_DS\EDK\gnuwin\bin;f:\Xilinx\14.4\ISE_DS\EDK\gnu\arm\nt\bin;f:\Xilinx\14.4\ISE_DS\EDK\gnu\microblaze\linux_toolchain\nt_be\bin;f:\Xilinx\14.4\ISE_DS\EDK\gnu\microblaze\linux_toolchain\nt_le\bin;f:\Xilinx\14.4\ISE_DS\common\bin\nt;f:\Xilinx\14.4\ISE_DS\common\lib\nt;C:\Windows\system32;C:\Windows;C:\Windows\System32\Wbem;C:\Windows\System32\WindowsPowerShell\v1.0\
USERNAME=shiki
OS=Windows_NT
PROCESSOR_IDENTIFIER=Intel64 Family 6 Model 58 Stepping 9, GenuineIntel



---------------  S Y S T E M  ---------------

OS: Windows 8 , 64 bit Build 9200 

CPU:total 4 (4 cores per cpu, 1 threads per core) family 6 model 58 stepping 9, cmov, cx8, fxsr, mmx, sse, sse2, sse3, ssse3, sse4.1, sse4.2, popcnt, avx, tsc, tscinvbit, tscinv

Memory: 4k page, physical 3874784k(1757500k free), swap 5921772k(2587152k free)

vm_info: Java HotSpot(TM) 64-Bit Server VM (23.3-b01) for windows-amd64 JRE (1.7.0_07-b11), built on Sep  7 2012 01:19:25 by "java_re" with unknown MS VC++:1600

time: Thu Jul 09 03:35:22 2015
elapsed time: 9 seconds

