#:C49    
#Xilinx FPGA Editor Command Log File
#Editor Version:
#:V   NT M2.1 P.20131013
#Current Working Directory:
#:D   D:\Xilinx\period_cul
#Date/Time:
#:T   Fri Nov 13 08:53:42 2015
#------------------------------
	#Reading topDesign_map.ncd...
	#Loading device for application Rf_Device from file '7z010.nph' in environment C:\Xilinx\14.7\ISE_DS\ISE\.
	#   "topDesign" is an NCD, version 3.2, device xc7z010, package clg400, speed -1
	#Loading device for application Rf_Device from file '7z020.nph' in environment C:\Xilinx\14.7\ISE_DS\ISE\.
	#   "HM_ro" is an NCD, version 3.2, device xa7z020, package clg400, speed -1i
	#Design creation date: 2015.11.12.14.57.01
	#Building chip graphics...
	#Loading speed info...
	#1
setattr main edit-mode no-logic-changes
	#2
select -k hm 'ro_module_inst/roModule_inst'
	#3
unselect -all
	#4
select hm 'ro_module_inst/roModule_inst'
	#Hard Macro Inst "ro_module_inst/roModule_inst", type "HM_ro", refcomp "ro_module_inst/roModule_inst/LUT1_out"
	#5
unselect -all
	#6
select comp 'ro_module_inst/roModule_inst/LUT5_out'
	#comp "ro_module_inst/roModule_inst/LUT5_out" in hard macro "ro_module_inst/roModule_inst",  site "SLICE_X38Y8",  type = SLICEL  (RPM grid X129Y16)
	#7
post block
	#8
unselect -all
	#9
select hm 'ro_module_inst/roModule_inst'
	#Hard Macro Inst "ro_module_inst/roModule_inst", type "HM_ro", refcomp "ro_module_inst/roModule_inst/LUT1_out"
	#10
unselect -all
	#11
select comp 'ro_module_inst/roModule_inst/LUT1_out'
	#comp "ro_module_inst/roModule_inst/LUT1_out" in hard macro "ro_module_inst/roModule_inst",  site "SLICE_X39Y8",  type = SLICEL  (RPM grid X131Y16)
	#12
post block
	#13
unselect -all
	#14
select hm 'ro_module_inst/roModule_inst'
	#Hard Macro Inst "ro_module_inst/roModule_inst", type "HM_ro", refcomp "ro_module_inst/roModule_inst/LUT1_out"
	#15
unselect -all
	#16
select comp 'ro_module_inst/roModule_inst/LUT1_out'
	#comp "ro_module_inst/roModule_inst/LUT1_out" in hard macro "ro_module_inst/roModule_inst",  site "SLICE_X39Y8",  type = SLICEL  (RPM grid X131Y16)
	#17
post block
	#18
unselect comp 'ro_module_inst/roModule_inst/LUT1_out'
	#19
select -k hm 'ro_module_inst/roModule_inst'
	#20
unselect -all
	#21
select hm 'ro_module_inst/roModule_inst'
	#Hard Macro Inst "ro_module_inst/roModule_inst", type "HM_ro", refcomp "ro_module_inst/roModule_inst/LUT1_out"
	#22
unselect -all
	#23
select hm 'ro_module_inst/roModule_inst'
	#Hard Macro Inst "ro_module_inst/roModule_inst", type "HM_ro", refcomp "ro_module_inst/roModule_inst/LUT1_out"
	#24
unselect -all
	#25
select hm 'ro_module_inst/roModule_inst'
	#Hard Macro Inst "ro_module_inst/roModule_inst", type "HM_ro", refcomp "ro_module_inst/roModule_inst/LUT1_out"
	#26
unselect -all
	#27
select comp 'ro_module_inst/roModule_inst/LUT5_out'
	#comp "ro_module_inst/roModule_inst/LUT5_out" in hard macro "ro_module_inst/roModule_inst",  site "SLICE_X38Y8",  type = SLICEL  (RPM grid X129Y16)
	#28
post block
	#29
unselect -all
	#30
select comp 'ro_module_inst/roModule_inst/LUT1_out'
	#comp "ro_module_inst/roModule_inst/LUT1_out" in hard macro "ro_module_inst/roModule_inst",  site "SLICE_X39Y8",  type = SLICEL  (RPM grid X131Y16)
	#31
post block
	#32
unselect -all
	#33
select site 'SLICE_X41Y8'
	#site "SLICE_X41Y8",  type = SLICEL  (RPM grid X135Y16)
	#34
unselect -all
	#35
select site 'SLICE_X40Y8'
	#site "SLICE_X40Y8",  type = SLICEL  (RPM grid X133Y16)
	#36
unselect -all
	#37
select hm 'ro_module_inst/roModule_inst'
	#Hard Macro Inst "ro_module_inst/roModule_inst", type "HM_ro", refcomp "ro_module_inst/roModule_inst/LUT1_out"
	#38
unselect -all
	#39
select hm 'ro_module_inst/roModule_inst'
	#Hard Macro Inst "ro_module_inst/roModule_inst", type "HM_ro", refcomp "ro_module_inst/roModule_inst/LUT1_out"
	#40
unselect -all
	#41
unselect -all
	#42
select hm 'ro_module_inst/roModule_inst'
	#Hard Macro Inst "ro_module_inst/roModule_inst", type "HM_ro", refcomp "ro_module_inst/roModule_inst/LUT1_out"
	#43
unselect -all
	#44
select comp 'ro_module_inst/roModule_inst/LUT5_out'
	#comp "ro_module_inst/roModule_inst/LUT5_out" in hard macro "ro_module_inst/roModule_inst",  site "SLICE_X38Y8",  type = SLICEL  (RPM grid X129Y16)
	#45
post block
	#46
unselect -all
	#47
select hm 'ro_module_inst/roModule_inst'
	#Hard Macro Inst "ro_module_inst/roModule_inst", type "HM_ro", refcomp "ro_module_inst/roModule_inst/LUT1_out"
	#48
unselect -all
	#49
select comp 'ro_module_inst/roModule_inst/LUT1_out'
	#comp "ro_module_inst/roModule_inst/LUT1_out" in hard macro "ro_module_inst/roModule_inst",  site "SLICE_X39Y8",  type = SLICEL  (RPM grid X131Y16)
	#50
post block
