Release 14.4 - xst P.49d (nt)
Copyright (c) 1995-2012 Xilinx, Inc.  All rights reserved.
--> Parameter TMPDIR set to xst/projnav.tmp


Total REAL time to Xst completion: 0.00 secs
Total CPU time to Xst completion: 0.08 secs
 
--> Parameter xsthdpdir set to xst


Total REAL time to Xst completion: 0.00 secs
Total CPU time to Xst completion: 0.08 secs
 
--> Reading design: roInClb.prj

TABLE OF CONTENTS
  1) Synthesis Options Summary
  2) HDL Parsing
  3) HDL Elaboration
  4) HDL Synthesis
       4.1) HDL Synthesis Report
  5) Advanced HDL Synthesis
       5.1) Advanced HDL Synthesis Report
  6) Low Level Synthesis
  7) Partition Report
  8) Design Summary
       8.1) Primitive and Black Box Usage
       8.2) Device utilization summary
       8.3) Partition Resource Summary
       8.4) Timing Report
            8.4.1) Clock Information
            8.4.2) Asynchronous Control Signals Information
            8.4.3) Timing Summary
            8.4.4) Timing Details
            8.4.5) Cross Clock Domains Report


=========================================================================
*                      Synthesis Options Summary                        *
=========================================================================
---- Source Parameters
Input File Name                    : "roInClb.prj"
Ignore Synthesis Constraint File   : NO

---- Target Parameters
Output File Name                   : "roInClb"
Output Format                      : NGC
Target Device                      : xc7z020-1-clg484

---- Source Options
Top Module Name                    : roInClb
Automatic FSM Extraction           : YES
FSM Encoding Algorithm             : Auto
Safe Implementation                : No
FSM Style                          : LUT
RAM Extraction                     : Yes
RAM Style                          : Auto
ROM Extraction                     : Yes
Shift Register Extraction          : YES
ROM Style                          : Auto
Resource Sharing                   : YES
Asynchronous To Synchronous        : NO
Shift Register Minimum Size        : 2
Use DSP Block                      : Auto
Automatic Register Balancing       : No

---- Target Options
LUT Combining                      : Auto
Reduce Control Sets                : Auto
Add IO Buffers                     : YES
Global Maximum Fanout              : 100000
Add Generic Clock Buffer(BUFG)     : 32
Register Duplication               : YES
Optimize Instantiated Primitives   : NO
Use Clock Enable                   : Auto
Use Synchronous Set                : Auto
Use Synchronous Reset              : Auto
Pack IO Registers into IOBs        : Auto
Equivalent register Removal        : YES

---- General Options
Optimization Goal                  : Speed
Optimization Effort                : 1
Power Reduction                    : NO
Keep Hierarchy                     : No
Netlist Hierarchy                  : As_Optimized
RTL Output                         : Yes
Global Optimization                : AllClockNets
Read Cores                         : YES
Write Timing Constraints           : NO
Cross Clock Analysis               : NO
Hierarchy Separator                : /
Bus Delimiter                      : <>
Case Specifier                     : Maintain
Slice Utilization Ratio            : 100
BRAM Utilization Ratio             : 100
DSP48 Utilization Ratio            : 100
Auto BRAM Packing                  : NO
Slice Utilization Ratio Delta      : 5

---- Other Options
Cores Search Directories           : {"ipcore_dir"  }

=========================================================================


=========================================================================
*                          HDL Parsing                                  *
=========================================================================
Parsing VHDL file "F:\PUF\PUF_single\roInClb.vhd" into library work
Parsing entity <roInClb>.
Parsing architecture <Behavioral> of entity <roinclb>.
Parsing VHDL file "F:\PUF\period_cul\ipcore_dir\clk_10Mc\example_design\clk_10Mc_exdes.vhd" into library work
Parsing entity <clk_10Mc_exdes>.
Parsing architecture <xilinx> of entity <clk_10mc_exdes>.

=========================================================================
*                            HDL Elaboration                            *
=========================================================================

Elaborating entity <roInClb> (architecture <Behavioral>) from library <work>.

=========================================================================
*                           HDL Synthesis                               *
=========================================================================

Synthesizing Unit <roInClb>.
    Related source file is "F:\PUF\PUF_single\roInClb.vhd".
    Set property "RLOC = X1Y0" for instance <LUT_inst1>.
    Set property "RLOC_RANGE = X0Y0:X1Y1" for instance <LUT_inst1>.
    Set property "RLOC = X1Y0" for instance <LUT_inst2>.
    Set property "RLOC = X1Y0" for instance <LUT_inst3>.
    Set property "RLOC = X1Y0" for instance <MUXF7_inst1>.
    Set property "RLOC = X1Y0" for instance <LUT_inst4>.
    Set property "RLOC = X0Y0" for instance <LUT_inst5>.
    Set property "RLOC = X0Y0" for instance <LUT_inst6>.
    Set property "RLOC = X0Y0" for instance <LUT_inst7>.
    Set property "RLOC = X0Y0" for instance <MUXF7_inst2>.
    Set property "RLOC = X0Y0" for instance <LUT2_inst1>.
    Summary:
	no macro.
Unit <roInClb> synthesized.

=========================================================================
HDL Synthesis Report

Found no macro
=========================================================================

=========================================================================
*                       Advanced HDL Synthesis                          *
=========================================================================


=========================================================================
Advanced HDL Synthesis Report

Found no macro
=========================================================================

=========================================================================
*                         Low Level Synthesis                           *
=========================================================================
WARNING:Xst:2170 - Unit roInClb : the following signal(s) form a combinatorial loop: Ro_out, LUT5_out, NAND_out, MUX1_out, LUT1_out, LUT4_out.

Optimizing unit <roInClb> ...

Mapping all equations...
Building and optimizing final netlist ...
Found area constraint ratio of 100 (+ 5) on block roInClb, actual ratio is 0.

Final Macro Processing ...

=========================================================================
Final Register Report

Found no macro
=========================================================================

=========================================================================
*                           Partition Report                            *
=========================================================================

Partition Implementation Status
-------------------------------

  No Partitions were found in this design.

-------------------------------

=========================================================================
*                            Design Summary                             *
=========================================================================

Top Level Output File Name         : roInClb.ngc

Primitive and Black Box Usage:
------------------------------
# BELS                             : 10
#      LUT1                        : 7
#      LUT2                        : 1
#      MUXF7                       : 2
# IO Buffers                       : 4
#      IBUF                        : 3
#      OBUF                        : 1

Device utilization summary:
---------------------------

Selected Device : 7z020clg484-1 


Slice Logic Utilization: 
 Number of Slice LUTs:                    8  out of  53200     0%  
    Number used as Logic:                 8  out of  53200     0%  

Slice Logic Distribution: 
 Number of LUT Flip Flop pairs used:      8
   Number with an unused Flip Flop:       8  out of      8   100%  
   Number with an unused LUT:             0  out of      8     0%  
   Number of fully used LUT-FF pairs:     0  out of      8     0%  
   Number of unique control sets:         0

IO Utilization: 
 Number of IOs:                           4
 Number of bonded IOBs:                   4  out of    200     2%  

Specific Feature Utilization:

---------------------------
Partition Resource Summary:
---------------------------

  No Partitions were found in this design.

---------------------------


=========================================================================
Timing Report

NOTE: THESE TIMING NUMBERS ARE ONLY A SYNTHESIS ESTIMATE.
      FOR ACCURATE TIMING INFORMATION PLEASE REFER TO THE TRACE REPORT
      GENERATED AFTER PLACE-and-ROUTE.

Clock Information:
------------------
No clock signals found in this design

Asynchronous Control Signals Information:
----------------------------------------
No asynchronous control signals found in this design

Timing Summary:
---------------
Speed Grade: -1

   Minimum period: No path found
   Minimum input arrival time before clock: No path found
   Maximum output required time after clock: No path found
   Maximum combinational path delay: 7.187ns

Timing Details:
---------------
All values displayed in nanoseconds (ns)

=========================================================================
Timing constraint: Default path analysis
  Total number of paths / destination ports: 7 / 1
-------------------------------------------------------------------------
Delay:               7.187ns (Levels of Logic = 12)
  Source:            Ro_ena (PAD)
  Destination:       Ro_out (PAD)

  Data Path: Ro_ena to Ro_out
                                Gate     Net
    Cell:in->out      fanout   Delay   Delay  Logical Name (Net Name)
    ----------------------------------------  ------------
     IBUF:I->O             1   0.000   0.485  Ro_ena_IBUF (Ro_ena_IBUF)
     LUT2:I0->O            1   0.307   0.413  LUT2_inst1 (NAND_out)
     LUT1:I0->O            2   0.379   0.419  LUT_inst1 (LUT1_out)
     LUT1:I0->O            1   0.379   0.413  LUT_inst2 (LUT2_out)
     LUT1:I0->O            1   0.379   0.000  LUT_inst3 (LUT3_out)
     MUXF7:I1->O           1   0.217   0.413  MUXF7_inst1 (MUX1_out)
     LUT1:I0->O            1   0.379   0.413  LUT_inst4 (LUT4_out)
     LUT1:I0->O            2   0.379   0.419  LUT_inst5 (LUT5_out)
     LUT1:I0->O            1   0.379   0.413  LUT_inst6 (LUT6_out)
     LUT1:I0->O            1   0.379   0.000  LUT_inst7 (LUT7_out)
     MUXF7:I1->O           2   0.217   0.405  MUXF7_inst2 (Ro_out_OBUF)
     OBUF:I->O                 0.000          Ro_out_OBUF (Ro_out)
    ----------------------------------------
    Total                      7.187ns (3.394ns logic, 3.793ns route)
                                       (47.2% logic, 52.8% route)

=========================================================================

Cross Clock Domains Report:
--------------------------

=========================================================================


Total REAL time to Xst completion: 6.00 secs
Total CPU time to Xst completion: 6.60 secs
 
--> 

Total memory usage is 246336 kilobytes

Number of errors   :    0 (   0 filtered)
Number of warnings :    1 (   0 filtered)
Number of infos    :    0 (   0 filtered)

